2016-02-28 22:37:56,557 [ajp-nio-8889-exec-6 | u:admin] INFO  root  - Job "All Tests build of drivepilot:drivepilot" has id 29d1014c-c0a801cc-081eba6b-0b6f57f7
2016-02-28 22:37:56,558 [ajp-nio-8889-exec-6 | u:admin] INFO  root  - State of job "All Tests build of drivepilot:drivepilot" changed to UNSCHEDULED
2016-02-28 22:37:56,562 [ajp-nio-8889-exec-6 | u:admin] INFO  root  - Working directory of root job "All Tests build of drivepilot:drivepilot" is C:\Polarion\polarion\..\data\workspace\polarion-data\jobs\20160228-2237
2016-02-28 22:37:56,562 [ajp-nio-8889-exec-6 | u:admin] INFO  root  - Job "All Tests build of drivepilot:drivepilot" runs as user "admin"
2016-02-28 22:37:56,562 [ajp-nio-8889-exec-6 | u:admin | u:admin] INFO  root  - State of job "All Tests build of drivepilot:drivepilot" changed to ACTIVATING
2016-02-28 22:37:56,610 [ajp-nio-8889-exec-6 | u:admin | u:admin] INFO  root  - BIR location is /projects/drivepilot/drivepilot/drivepilot/20160228-2237
2016-02-28 22:37:56,610 [ajp-nio-8889-exec-6 | u:admin | u:admin] INFO  root  - Standalone build or calculation
2016-02-28 22:37:56,614 [ajp-nio-8889-exec-6 | u:admin | u:admin] INFO  root  - Job "(INTERNAL) All Tests build of drivepilot:drivepilot" has id 29d10182-c0a801cc-081eba6b-c0812fd8
2016-02-28 22:37:56,614 [ajp-nio-8889-exec-6 | u:admin | u:admin] INFO  root  - Job "(INTERNAL) All Tests build of drivepilot:drivepilot" runs as user "admin"
2016-02-28 22:37:56,614 [ajp-nio-8889-exec-6 | u:admin | u:admin] INFO  root  - Artifacts to be built:

drivepilot:drivepilot:null

2016-02-28 22:37:56,615 [ajp-nio-8889-exec-6 | u:admin | u:admin] INFO  root  - State of job "(INTERNAL) All Tests build of drivepilot:drivepilot" changed to ACTIVATING
2016-02-28 22:37:56,618 [ajp-nio-8889-exec-6 | u:admin | u:admin] INFO  root  - Job "Deploy drivepilot:drivepilot to C:\Polarion\polarion\..\data\workspace\polarion-data\jobs\20160228-2237\sources" has id 29d10188-c0a801cc-081eba6b-16cb2c89
2016-02-28 22:37:56,618 [ajp-nio-8889-exec-6 | u:admin | u:admin] INFO  root  - Job "Deploy drivepilot:drivepilot to C:\Polarion\polarion\..\data\workspace\polarion-data\jobs\20160228-2237\sources" runs as user "admin"
2016-02-28 22:37:56,618 [ajp-nio-8889-exec-6 | u:admin | u:admin] INFO  root  - State of job "Deploy drivepilot:drivepilot to C:\Polarion\polarion\..\data\workspace\polarion-data\jobs\20160228-2237\sources" changed to ACTIVATING
2016-02-28 22:37:56,618 [ajp-nio-8889-exec-6 | u:admin | u:admin] INFO  root  - State of job "Deploy drivepilot:drivepilot to C:\Polarion\polarion\..\data\workspace\polarion-data\jobs\20160228-2237\sources" changed to WAITING
2016-02-28 22:37:56,618 [ajp-nio-8889-exec-6 | u:admin | u:admin] INFO  root  - State of job "(INTERNAL) All Tests build of drivepilot:drivepilot" changed to WAITING
2016-02-28 22:37:56,618 [ajp-nio-8889-exec-6 | u:admin | u:admin] INFO  root  - State of job "All Tests build of drivepilot:drivepilot" changed to WAITING
2016-02-28 22:37:56,668 [Worker-2 | u:admin] INFO  root  - State of job "Deploy drivepilot:drivepilot to C:\Polarion\polarion\..\data\workspace\polarion-data\jobs\20160228-2237\sources" changed to RUNNING
2016-02-28 22:37:56,700 [Worker-2 | u:admin] INFO  root  - State of job "(INTERNAL) All Tests build of drivepilot:drivepilot" changed to RUNNING
2016-02-28 22:37:56,708 [Worker-2 | u:admin] INFO  root  - State of job "All Tests build of drivepilot:drivepilot" changed to RUNNING
2016-02-28 22:37:56,918 [Worker-2 | u:admin | job: build.deploy] INFO  root  - Deploying artifact drivepilot:drivepilot:null and its children to C:\Polarion\polarion\..\data\workspace\polarion-data\jobs\20160228-2237\sources
2016-02-28 22:37:56,954 [Worker-2 | u:admin | job: build.deploy] INFO  root  - Deploying artifact drivepilot:drivepilot:null to C:\Polarion\polarion\..\data\workspace\polarion-data\jobs\20160228-2237\sources\drivepilot\drivepilot\drivepilot\null
2016-02-28 22:37:56,972 [Worker-2 | u:admin | job: build.deploy] INFO  root  - Downloading resources for drivepilot:drivepilot:null
2016-02-28 22:37:57,005 [Worker-2 | u:admin | job: build.deploy] INFO  root  - Downloading resource /Demo Data Development/drivepilot/trunk to C:\Polarion\polarion\..\data\workspace\polarion-data\jobs\20160228-2237\sources\drivepilot\drivepilot\drivepilot\null
2016-02-28 22:37:58,136 [Worker-2 | u:admin | job: build.deploy] INFO  root  - Downloading shared configuration from /.polarion/maven to C:\Polarion\polarion\..\data\workspace\polarion-data\jobs\20160228-2237\sources\drivepilot\drivepilot\drivepilot\null\.config
2016-02-28 22:37:59,120 [Worker-2 | u:admin | job: build.deploy] INFO  root  - Creating or finding POM file for drivepilot:drivepilot:null in C:\Polarion\polarion\..\data\workspace\polarion-data\jobs\20160228-2237\sources\drivepilot\drivepilot\drivepilot\null
2016-02-28 22:37:59,156 [Worker-2 | u:admin | job: build.deploy] INFO  root  - POM file created or found in C:\Polarion\polarion\..\data\workspace\polarion-data\jobs\20160228-2237\sources\drivepilot\drivepilot\drivepilot\null\pom.xml
2016-02-28 22:37:59,177 [Worker-2 | u:admin | job: build.deploy] INFO  root  - Altering C:\Polarion\polarion\..\data\workspace\polarion-data\jobs\20160228-2237\sources\drivepilot\drivepilot\drivepilot\null\pom.xml for build
2016-02-28 22:37:59,208 [Worker-2 | u:admin] INFO  root  - State of job "Deploy drivepilot:drivepilot to C:\Polarion\polarion\..\data\workspace\polarion-data\jobs\20160228-2237\sources" changed to FINISHED
2016-02-28 22:37:59,237 [Worker-2 | u:admin] INFO  root  - Status of job "Deploy drivepilot:drivepilot to C:\Polarion\polarion\..\data\workspace\polarion-data\jobs\20160228-2237\sources" is OK
2016-02-28 22:37:59,253 [Worker-2 | u:admin | job: build.build] INFO  root  - Build properties:

polarion.build.default.deploy.repository.id=polarion-shared
polarion.build.default.deploy.repository.url=file://c:\Polarion\polarion/../data/shared-maven-repo
polarion.build.id=20160228-2237
polarion.build.maven.executor=maven2
polarion.build.maven.location.maven2=c:\Polarion\polarion/../maven/distribution
polarion.build.xUnit.import.enabled=true
polarion.build.xUnit.import.idPrefix=build_all
polarion.files.repository=c:\Polarion\polarion\..\data\BIR
polarion.reports.repository=c:\Polarion\polarion\..\data\RR

2016-02-28 22:37:59,268 [Worker-2 | u:admin | job: build.build] INFO  root  - Using external Maven named 'maven2'
2016-02-28 22:37:59,281 [Worker-2 | u:admin | job: build.build] INFO  root  - Maven execution settings:

recursive is true
offline is false
usePluginRegistry is true
updateSnapshots is false
reactorActive is false
globalChecksumPolicy is null
pluginUpdateOverride is null
activeProfiles is []
inactiveProfiles is []
reactorFailureBehaviour is null

2016-02-28 22:37:59,294 [Worker-2 | u:admin | job: build.build] INFO  root  - Used settings file: C:\WINDOWS\TEMP\settings_clone6277169929022719302.xml
2016-02-28 22:37:59,314 [Worker-2 | u:admin | job: build.build] INFO  root  - Executing c:\Program Files\Java\jdk8\jre\bin\javaw.exe
  -- args [-Xbootclasspath/a:c:\Program Files\Java\jdk8\lib\tools.jar, -Dmaven.home=c:\Polarion\polarion\..\maven\distribution, -Dorg.apache.maven.user-plugin-registry=c:\Polarion\polarion\..\maven\plugin-registry.xml, -Dclassworlds.conf=c:\Polarion\polarion\..\maven\distribution\bin\m2.conf, -classpath, c:\Polarion\polarion\..\maven\distribution\boot\classworlds-1.1.jar, org.codehaus.classworlds.Launcher, --settings, C:\WINDOWS\TEMP\settings_clone6277169929022719302.xml, --batch-mode, --file, C:\Polarion\data\workspace\polarion-data\jobs\20160228-2237\sources\drivepilot\drivepilot\drivepilot\null\pom.xml, --errors, -Dpolarion.reports.repository=c:\Polarion\polarion\..\data\RR, -Dpolarion.build.maven.executor=maven2, -Dpolarion.files.repository=c:\Polarion\polarion\..\data\BIR, -Dpolarion.build.default.deploy.repository.url=file://c:\Polarion\polarion/../data/shared-maven-repo, -Dpolarion.build.default.deploy.repository.id=polarion-shared, -Dpolarion.build.xUnit.import.idPrefix=build_all, -Dpolarion.build.id=20160228-2237, -Dpolarion.build.maven.location.maven2=c:\Polarion\polarion/../maven/distribution, -Dpolarion.build.xUnit.import.enabled=true, deploy]
  -- env null
  -- dir C:\Polarion\polarion\..\data\workspace\polarion-data\jobs\20160228-2237\sources\drivepilot\drivepilot\drivepilot\null
2016-02-28 22:37:59,920 [Thread-107] INFO  root  - + Error stacktraces are turned on.
2016-02-28 22:37:59,969 [Thread-107] INFO  root  - Scanning for projects...
2016-02-28 22:37:59,996 [Thread-107] INFO  root  - ------------------------------------------------------------------------
2016-02-28 22:38:00,009 [Thread-107] INFO  root  - Building DrivePilot - App
2016-02-28 22:38:00,020 [Thread-107] INFO  root  - task-segment: [deploy]
2016-02-28 22:38:00,020 [Thread-107] INFO  root  - ------------------------------------------------------------------------
2016-02-28 22:38:00,047 [Thread-107] INFO  root  - Downloading: file:///C:/Polarion/data/shared-maven-repo/org/apache/maven/plugins/maven-resources-plugin/2.3/maven-resources-plugin-2.3.pom
2016-02-28 22:38:00,058 [Thread-107] INFO  root  - Unable to find resource 'org.apache.maven.plugins:maven-resources-plugin:pom:2.3' in repository polarion-shared (file:///C:/Polarion/data/shared-maven-repo)
2016-02-28 22:38:00,069 [Thread-107] INFO  root  - Downloading: file:///C:/Polarion/maven/repository/org/apache/maven/plugins/maven-resources-plugin/2.3/maven-resources-plugin-2.3.pom
4K downloaded
2016-02-28 22:38:00,092 [Thread-107] INFO  root  - Downloading: file:///C:/Polarion/data/shared-maven-repo/org/apache/maven/plugins/maven-plugins/12/maven-plugins-12.pom
2016-02-28 22:38:00,114 [Thread-107] INFO  root  - Unable to find resource 'org.apache.maven.plugins:maven-plugins:pom:12' in repository polarion-shared (file:///C:/Polarion/data/shared-maven-repo)
2016-02-28 22:38:00,153 [Thread-107] INFO  root  - Downloading: file:///C:/Polarion/maven/repository/org/apache/maven/plugins/maven-plugins/12/maven-plugins-12.pom
11K downloaded
2016-02-28 22:38:00,169 [Thread-107] INFO  root  - Downloading: file:///C:/Polarion/data/shared-maven-repo/org/apache/maven/maven-parent/9/maven-parent-9.pom
2016-02-28 22:38:00,187 [Thread-107] INFO  root  - Unable to find resource 'org.apache.maven:maven-parent:pom:9' in repository polarion-shared (file:///C:/Polarion/data/shared-maven-repo)
2016-02-28 22:38:00,196 [Thread-107] INFO  root  - Downloading: file:///C:/Polarion/maven/repository/org/apache/maven/maven-parent/9/maven-parent-9.pom
32K downloaded
2016-02-28 22:38:00,206 [Thread-107] INFO  root  - Downloading: file:///C:/Polarion/data/shared-maven-repo/org/apache/apache/4/apache-4.pom
2016-02-28 22:38:00,221 [Thread-107] INFO  root  - Unable to find resource 'org.apache:apache:pom:4' in repository polarion-shared (file:///C:/Polarion/data/shared-maven-repo)
2016-02-28 22:38:00,239 [Thread-107] INFO  root  - Downloading: file:///C:/Polarion/maven/repository/org/apache/apache/4/apache-4.pom
4K downloaded
2016-02-28 22:38:00,277 [Thread-107] INFO  root  - Downloading: file:///C:/Polarion/data/shared-maven-repo/org/apache/maven/plugins/maven-resources-plugin/2.3/maven-resources-plugin-2.3.jar
2016-02-28 22:38:00,294 [Thread-107] INFO  root  - Unable to find resource 'org.apache.maven.plugins:maven-resources-plugin:maven-plugin:2.3' in repository polarion-shared (file:///C:/Polarion/data/shared-maven-repo)
2016-02-28 22:38:00,312 [Thread-107] INFO  root  - Downloading: file:///C:/Polarion/maven/repository/org/apache/maven/plugins/maven-resources-plugin/2.3/maven-resources-plugin-2.3.jar
20K downloaded
2016-02-28 22:38:00,326 [Thread-107] INFO  root  - Downloading: file:///C:/Polarion/data/shared-maven-repo/org/apache/maven/plugins/maven-compiler-plugin/2.0.2/maven-compiler-plugin-2.0.2.pom
2016-02-28 22:38:00,337 [Thread-107] INFO  root  - Unable to find resource 'org.apache.maven.plugins:maven-compiler-plugin:pom:2.0.2' in repository polarion-shared (file:///C:/Polarion/data/shared-maven-repo)
2016-02-28 22:38:00,370 [Thread-107] INFO  root  - Downloading: file:///C:/Polarion/maven/repository/org/apache/maven/plugins/maven-compiler-plugin/2.0.2/maven-compiler-plugin-2.0.2.pom
2K downloaded
2016-02-28 22:38:00,385 [Thread-107] INFO  root  - Downloading: file:///C:/Polarion/data/shared-maven-repo/org/apache/maven/plugins/maven-plugins/8/maven-plugins-8.pom
2016-02-28 22:38:00,394 [Thread-107] INFO  root  - Unable to find resource 'org.apache.maven.plugins:maven-plugins:pom:8' in repository polarion-shared (file:///C:/Polarion/data/shared-maven-repo)
2016-02-28 22:38:00,394 [Thread-107] INFO  root  - Downloading: file:///C:/Polarion/maven/repository/org/apache/maven/plugins/maven-plugins/8/maven-plugins-8.pom
5K downloaded
2016-02-28 22:38:00,431 [Thread-107] INFO  root  - Downloading: file:///C:/Polarion/data/shared-maven-repo/org/apache/maven/maven-parent/5/maven-parent-5.pom
2016-02-28 22:38:00,445 [Thread-107] INFO  root  - Unable to find resource 'org.apache.maven:maven-parent:pom:5' in repository polarion-shared (file:///C:/Polarion/data/shared-maven-repo)
2016-02-28 22:38:00,475 [Thread-107] INFO  root  - Downloading: file:///C:/Polarion/maven/repository/org/apache/maven/maven-parent/5/maven-parent-5.pom
14K downloaded
2016-02-28 22:38:00,489 [Thread-107] INFO  root  - Downloading: file:///C:/Polarion/data/shared-maven-repo/org/apache/apache/3/apache-3.pom
2016-02-28 22:38:00,494 [Thread-107] INFO  root  - Unable to find resource 'org.apache:apache:pom:3' in repository polarion-shared (file:///C:/Polarion/data/shared-maven-repo)
2016-02-28 22:38:00,517 [Thread-107] INFO  root  - Downloading: file:///C:/Polarion/maven/repository/org/apache/apache/3/apache-3.pom
3K downloaded
2016-02-28 22:38:00,529 [Thread-107] INFO  root  - Downloading: file:///C:/Polarion/data/shared-maven-repo/org/apache/maven/plugins/maven-compiler-plugin/2.0.2/maven-compiler-plugin-2.0.2.jar
2016-02-28 22:38:00,541 [Thread-107] INFO  root  - Unable to find resource 'org.apache.maven.plugins:maven-compiler-plugin:maven-plugin:2.0.2' in repository polarion-shared (file:///C:/Polarion/data/shared-maven-repo)
2016-02-28 22:38:00,566 [Thread-107] INFO  root  - Downloading: file:///C:/Polarion/maven/repository/org/apache/maven/plugins/maven-compiler-plugin/2.0.2/maven-compiler-plugin-2.0.2.jar
17K downloaded
2016-02-28 22:38:00,581 [Thread-107] INFO  root  - Downloading: file:///C:/Polarion/data/shared-maven-repo/org/apache/maven/plugins/maven-surefire-plugin/2.4.3/maven-surefire-plugin-2.4.3.pom
2016-02-28 22:38:00,614 [Thread-107] INFO  root  - Unable to find resource 'org.apache.maven.plugins:maven-surefire-plugin:pom:2.4.3' in repository polarion-shared (file:///C:/Polarion/data/shared-maven-repo)
2016-02-28 22:38:00,623 [Thread-107] INFO  root  - Downloading: file:///C:/Polarion/maven/repository/org/apache/maven/plugins/maven-surefire-plugin/2.4.3/maven-surefire-plugin-2.4.3.pom
6K downloaded
2016-02-28 22:38:00,633 [Thread-107] INFO  root  - Downloading: file:///C:/Polarion/data/shared-maven-repo/org/apache/maven/surefire/surefire/2.4.3/surefire-2.4.3.pom
2016-02-28 22:38:00,642 [Thread-107] INFO  root  - Unable to find resource 'org.apache.maven.surefire:surefire:pom:2.4.3' in repository polarion-shared (file:///C:/Polarion/data/shared-maven-repo)
2016-02-28 22:38:00,644 [Thread-107] INFO  root  - Downloading: file:///C:/Polarion/maven/repository/org/apache/maven/surefire/surefire/2.4.3/surefire-2.4.3.pom
7K downloaded
2016-02-28 22:38:00,673 [Thread-107] INFO  root  - Downloading: file:///C:/Polarion/data/shared-maven-repo/org/apache/maven/maven-parent/7/maven-parent-7.pom
2016-02-28 22:38:00,684 [Thread-107] INFO  root  - Unable to find resource 'org.apache.maven:maven-parent:pom:7' in repository polarion-shared (file:///C:/Polarion/data/shared-maven-repo)
2016-02-28 22:38:00,694 [Thread-107] INFO  root  - Downloading: file:///C:/Polarion/maven/repository/org/apache/maven/maven-parent/7/maven-parent-7.pom
20K downloaded
2016-02-28 22:38:00,713 [Thread-107] INFO  root  - Downloading: file:///C:/Polarion/data/shared-maven-repo/org/apache/maven/plugins/maven-surefire-plugin/2.4.3/maven-surefire-plugin-2.4.3.jar
2016-02-28 22:38:00,726 [Thread-107] INFO  root  - Unable to find resource 'org.apache.maven.plugins:maven-surefire-plugin:maven-plugin:2.4.3' in repository polarion-shared (file:///C:/Polarion/data/shared-maven-repo)
2016-02-28 22:38:00,737 [Thread-107] INFO  root  - Downloading: file:///C:/Polarion/maven/repository/org/apache/maven/plugins/maven-surefire-plugin/2.4.3/maven-surefire-plugin-2.4.3.jar
22K downloaded
2016-02-28 22:38:00,745 [Thread-107] INFO  root  - Downloading: file:///C:/Polarion/data/shared-maven-repo/org/apache/maven/plugins/maven-jar-plugin/2.2/maven-jar-plugin-2.2.pom
2016-02-28 22:38:00,745 [Thread-107] INFO  root  - Unable to find resource 'org.apache.maven.plugins:maven-jar-plugin:pom:2.2' in repository polarion-shared (file:///C:/Polarion/data/shared-maven-repo)
2016-02-28 22:38:00,772 [Thread-107] INFO  root  - Downloading: file:///C:/Polarion/maven/repository/org/apache/maven/plugins/maven-jar-plugin/2.2/maven-jar-plugin-2.2.pom
8K downloaded
2016-02-28 22:38:00,784 [Thread-107] INFO  root  - Downloading: file:///C:/Polarion/data/shared-maven-repo/org/apache/maven/plugins/maven-plugins/10/maven-plugins-10.pom
2016-02-28 22:38:00,795 [Thread-107] INFO  root  - Unable to find resource 'org.apache.maven.plugins:maven-plugins:pom:10' in repository polarion-shared (file:///C:/Polarion/data/shared-maven-repo)
2016-02-28 22:38:00,810 [Thread-107] INFO  root  - Downloading: file:///C:/Polarion/maven/repository/org/apache/maven/plugins/maven-plugins/10/maven-plugins-10.pom
7K downloaded
2016-02-28 22:38:00,823 [Thread-107] INFO  root  - Downloading: file:///C:/Polarion/data/shared-maven-repo/org/apache/maven/plugins/maven-jar-plugin/2.2/maven-jar-plugin-2.2.jar
2016-02-28 22:38:00,833 [Thread-107] INFO  root  - Unable to find resource 'org.apache.maven.plugins:maven-jar-plugin:maven-plugin:2.2' in repository polarion-shared (file:///C:/Polarion/data/shared-maven-repo)
2016-02-28 22:38:00,842 [Thread-107] INFO  root  - Downloading: file:///C:/Polarion/maven/repository/org/apache/maven/plugins/maven-jar-plugin/2.2/maven-jar-plugin-2.2.jar
26K downloaded
2016-02-28 22:38:00,844 [Thread-107] INFO  root  - Downloading: file:///C:/Polarion/data/shared-maven-repo/org/apache/maven/plugins/maven-install-plugin/2.2/maven-install-plugin-2.2.pom
2016-02-28 22:38:00,865 [Thread-107] INFO  root  - Unable to find resource 'org.apache.maven.plugins:maven-install-plugin:pom:2.2' in repository polarion-shared (file:///C:/Polarion/data/shared-maven-repo)
2016-02-28 22:38:00,877 [Thread-107] INFO  root  - Downloading: file:///C:/Polarion/maven/repository/org/apache/maven/plugins/maven-install-plugin/2.2/maven-install-plugin-2.2.pom
2K downloaded
2016-02-28 22:38:00,889 [Thread-107] INFO  root  - Downloading: file:///C:/Polarion/data/shared-maven-repo/org/apache/maven/plugins/maven-install-plugin/2.2/maven-install-plugin-2.2.jar
2016-02-28 22:38:00,895 [Thread-107] INFO  root  - Unable to find resource 'org.apache.maven.plugins:maven-install-plugin:maven-plugin:2.2' in repository polarion-shared (file:///C:/Polarion/data/shared-maven-repo)
2016-02-28 22:38:00,926 [Thread-107] INFO  root  - Downloading: file:///C:/Polarion/maven/repository/org/apache/maven/plugins/maven-install-plugin/2.2/maven-install-plugin-2.2.jar
15K downloaded
2016-02-28 22:38:00,945 [Thread-107] INFO  root  - Downloading: file:///C:/Polarion/data/shared-maven-repo/org/apache/maven/plugins/maven-deploy-plugin/2.4/maven-deploy-plugin-2.4.pom
2016-02-28 22:38:00,965 [Thread-107] INFO  root  - Unable to find resource 'org.apache.maven.plugins:maven-deploy-plugin:pom:2.4' in repository polarion-shared (file:///C:/Polarion/data/shared-maven-repo)
2016-02-28 22:38:00,980 [Thread-107] INFO  root  - Downloading: file:///C:/Polarion/maven/repository/org/apache/maven/plugins/maven-deploy-plugin/2.4/maven-deploy-plugin-2.4.pom
6K downloaded
2016-02-28 22:38:00,995 [Thread-107] INFO  root  - Downloading: file:///C:/Polarion/data/shared-maven-repo/org/apache/maven/plugins/maven-plugins/11/maven-plugins-11.pom
2016-02-28 22:38:01,018 [Thread-107] INFO  root  - Unable to find resource 'org.apache.maven.plugins:maven-plugins:pom:11' in repository polarion-shared (file:///C:/Polarion/data/shared-maven-repo)
2016-02-28 22:38:01,032 [Thread-107] INFO  root  - Downloading: file:///C:/Polarion/maven/repository/org/apache/maven/plugins/maven-plugins/11/maven-plugins-11.pom
10K downloaded
2016-02-28 22:38:01,044 [Thread-107] INFO  root  - Downloading: file:///C:/Polarion/data/shared-maven-repo/org/apache/maven/maven-parent/8/maven-parent-8.pom
2016-02-28 22:38:01,044 [Thread-107] INFO  root  - Unable to find resource 'org.apache.maven:maven-parent:pom:8' in repository polarion-shared (file:///C:/Polarion/data/shared-maven-repo)
2016-02-28 22:38:01,080 [Thread-107] INFO  root  - Downloading: file:///C:/Polarion/maven/repository/org/apache/maven/maven-parent/8/maven-parent-8.pom
23K downloaded
2016-02-28 22:38:01,091 [Thread-107] INFO  root  - Downloading: file:///C:/Polarion/data/shared-maven-repo/org/apache/maven/plugins/maven-deploy-plugin/2.4/maven-deploy-plugin-2.4.jar
2016-02-28 22:38:01,094 [Thread-107] INFO  root  - Unable to find resource 'org.apache.maven.plugins:maven-deploy-plugin:maven-plugin:2.4' in repository polarion-shared (file:///C:/Polarion/data/shared-maven-repo)
2016-02-28 22:38:01,125 [Thread-107] INFO  root  - Downloading: file:///C:/Polarion/maven/repository/org/apache/maven/plugins/maven-deploy-plugin/2.4/maven-deploy-plugin-2.4.jar
33K downloaded
2016-02-28 22:38:01,138 [Thread-107] INFO  root  - Downloading: file:///C:/Polarion/data/shared-maven-repo/org/apache/maven/maven-plugin-api/2.0.6/maven-plugin-api-2.0.6.pom
2016-02-28 22:38:01,145 [Thread-107] INFO  root  - Unable to find resource 'org.apache.maven:maven-plugin-api:pom:2.0.6' in repository polarion-shared (file:///C:/Polarion/data/shared-maven-repo)
2016-02-28 22:38:01,162 [Thread-107] INFO  root  - Downloading: file:///C:/Polarion/maven/repository/org/apache/maven/maven-plugin-api/2.0.6/maven-plugin-api-2.0.6.pom
1K downloaded
2016-02-28 22:38:01,178 [Thread-107] INFO  root  - Downloading: file:///C:/Polarion/data/shared-maven-repo/org/apache/maven/maven/2.0.6/maven-2.0.6.pom
2016-02-28 22:38:01,195 [Thread-107] INFO  root  - Unable to find resource 'org.apache.maven:maven:pom:2.0.6' in repository polarion-shared (file:///C:/Polarion/data/shared-maven-repo)
2016-02-28 22:38:01,195 [Thread-107] INFO  root  - Downloading: file:///C:/Polarion/maven/repository/org/apache/maven/maven/2.0.6/maven-2.0.6.pom
8K downloaded
2016-02-28 22:38:01,236 [Thread-107] INFO  root  - Downloading: file:///C:/Polarion/data/shared-maven-repo/org/apache/maven/maven-project/2.0.6/maven-project-2.0.6.pom
2016-02-28 22:38:01,245 [Thread-107] INFO  root  - Unable to find resource 'org.apache.maven:maven-project:pom:2.0.6' in repository polarion-shared (file:///C:/Polarion/data/shared-maven-repo)
2016-02-28 22:38:01,263 [Thread-107] INFO  root  - Downloading: file:///C:/Polarion/maven/repository/org/apache/maven/maven-project/2.0.6/maven-project-2.0.6.pom
2K downloaded
2016-02-28 22:38:01,274 [Thread-107] INFO  root  - Downloading: file:///C:/Polarion/data/shared-maven-repo/org/apache/maven/maven-settings/2.0.6/maven-settings-2.0.6.pom
2016-02-28 22:38:01,286 [Thread-107] INFO  root  - Unable to find resource 'org.apache.maven:maven-settings:pom:2.0.6' in repository polarion-shared (file:///C:/Polarion/data/shared-maven-repo)
2016-02-28 22:38:01,295 [Thread-107] INFO  root  - Downloading: file:///C:/Polarion/maven/repository/org/apache/maven/maven-settings/2.0.6/maven-settings-2.0.6.pom
1K downloaded
2016-02-28 22:38:01,326 [Thread-107] INFO  root  - Downloading: file:///C:/Polarion/data/shared-maven-repo/org/apache/maven/maven-model/2.0.6/maven-model-2.0.6.pom
2016-02-28 22:38:01,342 [Thread-107] INFO  root  - Unable to find resource 'org.apache.maven:maven-model:pom:2.0.6' in repository polarion-shared (file:///C:/Polarion/data/shared-maven-repo)
2016-02-28 22:38:01,345 [Thread-107] INFO  root  - Downloading: file:///C:/Polarion/maven/repository/org/apache/maven/maven-model/2.0.6/maven-model-2.0.6.pom
2K downloaded
2016-02-28 22:38:01,372 [Thread-107] INFO  root  - Downloading: file:///C:/Polarion/data/shared-maven-repo/org/codehaus/plexus/plexus-utils/1.4.1/plexus-utils-1.4.1.pom
2016-02-28 22:38:01,383 [Thread-107] INFO  root  - Unable to find resource 'org.codehaus.plexus:plexus-utils:pom:1.4.1' in repository polarion-shared (file:///C:/Polarion/data/shared-maven-repo)
2016-02-28 22:38:01,393 [Thread-107] INFO  root  - Downloading: file:///C:/Polarion/maven/repository/org/codehaus/plexus/plexus-utils/1.4.1/plexus-utils-1.4.1.pom
1K downloaded
2016-02-28 22:38:01,395 [Thread-107] INFO  root  - Downloading: file:///C:/Polarion/data/shared-maven-repo/org/codehaus/plexus/plexus/1.0.11/plexus-1.0.11.pom
2016-02-28 22:38:01,414 [Thread-107] INFO  root  - Unable to find resource 'org.codehaus.plexus:plexus:pom:1.0.11' in repository polarion-shared (file:///C:/Polarion/data/shared-maven-repo)
2016-02-28 22:38:01,423 [Thread-107] INFO  root  - Downloading: file:///C:/Polarion/maven/repository/org/codehaus/plexus/plexus/1.0.11/plexus-1.0.11.pom
8K downloaded
2016-02-28 22:38:01,432 [Thread-107] INFO  root  - Downloading: file:///C:/Polarion/data/shared-maven-repo/org/codehaus/plexus/plexus-container-default/1.0-alpha-9-stable-1/plexus-container-default-1.0-alpha-9-stable-1.pom
2016-02-28 22:38:01,440 [Thread-107] INFO  root  - Unable to find resource 'org.codehaus.plexus:plexus-container-default:pom:1.0-alpha-9-stable-1' in repository polarion-shared (file:///C:/Polarion/data/shared-maven-repo)
2016-02-28 22:38:01,445 [Thread-107] INFO  root  - Downloading: file:///C:/Polarion/maven/repository/org/codehaus/plexus/plexus-container-default/1.0-alpha-9-stable-1/plexus-container-default-1.0-alpha-9-stable-1.pom
3K downloaded
2016-02-28 22:38:01,445 [Thread-107] INFO  root  - Downloading: file:///C:/Polarion/data/shared-maven-repo/org/codehaus/plexus/plexus-containers/1.0.3/plexus-containers-1.0.3.pom
2016-02-28 22:38:01,470 [Thread-107] INFO  root  - Unable to find resource 'org.codehaus.plexus:plexus-containers:pom:1.0.3' in repository polarion-shared (file:///C:/Polarion/data/shared-maven-repo)
2016-02-28 22:38:01,482 [Thread-107] INFO  root  - Downloading: file:///C:/Polarion/maven/repository/org/codehaus/plexus/plexus-containers/1.0.3/plexus-containers-1.0.3.pom
492b downloaded
2016-02-28 22:38:01,491 [Thread-107] INFO  root  - Downloading: file:///C:/Polarion/data/shared-maven-repo/org/codehaus/plexus/plexus/1.0.4/plexus-1.0.4.pom
2016-02-28 22:38:01,495 [Thread-107] INFO  root  - Unable to find resource 'org.codehaus.plexus:plexus:pom:1.0.4' in repository polarion-shared (file:///C:/Polarion/data/shared-maven-repo)
2016-02-28 22:38:01,495 [Thread-107] INFO  root  - Downloading: file:///C:/Polarion/maven/repository/org/codehaus/plexus/plexus/1.0.4/plexus-1.0.4.pom
5K downloaded
2016-02-28 22:38:01,522 [Thread-107] INFO  root  - Downloading: file:///C:/Polarion/data/shared-maven-repo/junit/junit/3.8.1/junit-3.8.1.pom
2016-02-28 22:38:01,532 [Thread-107] INFO  root  - Unable to find resource 'junit:junit:pom:3.8.1' in repository polarion-shared (file:///C:/Polarion/data/shared-maven-repo)
2016-02-28 22:38:01,540 [Thread-107] INFO  root  - Downloading: file:///C:/Polarion/maven/repository/junit/junit/3.8.1/junit-3.8.1.pom
998b downloaded
2016-02-28 22:38:01,545 [Thread-107] INFO  root  - Downloading: file:///C:/Polarion/data/shared-maven-repo/org/codehaus/plexus/plexus-utils/1.0.4/plexus-utils-1.0.4.pom
2016-02-28 22:38:01,545 [Thread-107] INFO  root  - Unable to find resource 'org.codehaus.plexus:plexus-utils:pom:1.0.4' in repository polarion-shared (file:///C:/Polarion/data/shared-maven-repo)
2016-02-28 22:38:01,575 [Thread-107] INFO  root  - Downloading: file:///C:/Polarion/maven/repository/org/codehaus/plexus/plexus-utils/1.0.4/plexus-utils-1.0.4.pom
6K downloaded
2016-02-28 22:38:01,595 [Thread-107] INFO  root  - Downloading: file:///C:/Polarion/data/shared-maven-repo/classworlds/classworlds/1.1-alpha-2/classworlds-1.1-alpha-2.pom
2016-02-28 22:38:01,613 [Thread-107] INFO  root  - Unable to find resource 'classworlds:classworlds:pom:1.1-alpha-2' in repository polarion-shared (file:///C:/Polarion/data/shared-maven-repo)
2016-02-28 22:38:01,624 [Thread-107] INFO  root  - Downloading: file:///C:/Polarion/maven/repository/classworlds/classworlds/1.1-alpha-2/classworlds-1.1-alpha-2.pom
3K downloaded
2016-02-28 22:38:01,638 [Thread-107] INFO  root  - Downloading: file:///C:/Polarion/data/shared-maven-repo/org/apache/maven/maven-profile/2.0.6/maven-profile-2.0.6.pom
2016-02-28 22:38:01,654 [Thread-107] INFO  root  - Unable to find resource 'org.apache.maven:maven-profile:pom:2.0.6' in repository polarion-shared (file:///C:/Polarion/data/shared-maven-repo)
2016-02-28 22:38:01,667 [Thread-107] INFO  root  - Downloading: file:///C:/Polarion/maven/repository/org/apache/maven/maven-profile/2.0.6/maven-profile-2.0.6.pom
1K downloaded
2016-02-28 22:38:01,670 [Thread-107] INFO  root  - Downloading: file:///C:/Polarion/data/shared-maven-repo/org/apache/maven/maven-artifact-manager/2.0.6/maven-artifact-manager-2.0.6.pom
2016-02-28 22:38:01,695 [Thread-107] INFO  root  - Unable to find resource 'org.apache.maven:maven-artifact-manager:pom:2.0.6' in repository polarion-shared (file:///C:/Polarion/data/shared-maven-repo)
2016-02-28 22:38:01,712 [Thread-107] INFO  root  - Downloading: file:///C:/Polarion/maven/repository/org/apache/maven/maven-artifact-manager/2.0.6/maven-artifact-manager-2.0.6.pom
2K downloaded
2016-02-28 22:38:01,720 [Thread-107] INFO  root  - Downloading: file:///C:/Polarion/data/shared-maven-repo/org/apache/maven/maven-repository-metadata/2.0.6/maven-repository-metadata-2.0.6.pom
2016-02-28 22:38:01,741 [Thread-107] INFO  root  - Unable to find resource 'org.apache.maven:maven-repository-metadata:pom:2.0.6' in repository polarion-shared (file:///C:/Polarion/data/shared-maven-repo)
2016-02-28 22:38:01,751 [Thread-107] INFO  root  - Downloading: file:///C:/Polarion/maven/repository/org/apache/maven/maven-repository-metadata/2.0.6/maven-repository-metadata-2.0.6.pom
1K downloaded
2016-02-28 22:38:01,761 [Thread-107] INFO  root  - Downloading: file:///C:/Polarion/data/shared-maven-repo/org/apache/maven/maven-artifact/2.0.6/maven-artifact-2.0.6.pom
2016-02-28 22:38:01,770 [Thread-107] INFO  root  - Unable to find resource 'org.apache.maven:maven-artifact:pom:2.0.6' in repository polarion-shared (file:///C:/Polarion/data/shared-maven-repo)
2016-02-28 22:38:01,770 [Thread-107] INFO  root  - Downloading: file:///C:/Polarion/maven/repository/org/apache/maven/maven-artifact/2.0.6/maven-artifact-2.0.6.pom
1K downloaded
2016-02-28 22:38:01,790 [Thread-107] INFO  root  - Downloading: file:///C:/Polarion/data/shared-maven-repo/org/apache/maven/wagon/wagon-provider-api/1.0-beta-2/wagon-provider-api-1.0-beta-2.pom
2016-02-28 22:38:01,799 [Thread-107] INFO  root  - Unable to find resource 'org.apache.maven.wagon:wagon-provider-api:pom:1.0-beta-2' in repository polarion-shared (file:///C:/Polarion/data/shared-maven-repo)
2016-02-28 22:38:01,809 [Thread-107] INFO  root  - Downloading: file:///C:/Polarion/maven/repository/org/apache/maven/wagon/wagon-provider-api/1.0-beta-2/wagon-provider-api-1.0-beta-2.pom
680b downloaded
2016-02-28 22:38:01,818 [Thread-107] INFO  root  - Downloading: file:///C:/Polarion/data/shared-maven-repo/org/apache/maven/wagon/wagon/1.0-beta-2/wagon-1.0-beta-2.pom
2016-02-28 22:38:01,821 [Thread-107] INFO  root  - Unable to find resource 'org.apache.maven.wagon:wagon:pom:1.0-beta-2' in repository polarion-shared (file:///C:/Polarion/data/shared-maven-repo)
2016-02-28 22:38:01,839 [Thread-107] INFO  root  - Downloading: file:///C:/Polarion/maven/repository/org/apache/maven/wagon/wagon/1.0-beta-2/wagon-1.0-beta-2.pom
5K downloaded
2016-02-28 22:38:01,849 [Thread-107] INFO  root  - Downloading: file:///C:/Polarion/data/shared-maven-repo/org/apache/maven/maven-parent/4/maven-parent-4.pom
2016-02-28 22:38:01,858 [Thread-107] INFO  root  - Unable to find resource 'org.apache.maven:maven-parent:pom:4' in repository polarion-shared (file:///C:/Polarion/data/shared-maven-repo)
2016-02-28 22:38:01,868 [Thread-107] INFO  root  - Downloading: file:///C:/Polarion/maven/repository/org/apache/maven/maven-parent/4/maven-parent-4.pom
9K downloaded
2016-02-28 22:38:01,870 [Thread-107] INFO  root  - Downloading: file:///C:/Polarion/data/shared-maven-repo/org/apache/maven/maven-plugin-registry/2.0.6/maven-plugin-registry-2.0.6.pom
2016-02-28 22:38:01,897 [Thread-107] INFO  root  - Unable to find resource 'org.apache.maven:maven-plugin-registry:pom:2.0.6' in repository polarion-shared (file:///C:/Polarion/data/shared-maven-repo)
2016-02-28 22:38:01,909 [Thread-107] INFO  root  - Downloading: file:///C:/Polarion/maven/repository/org/apache/maven/maven-plugin-registry/2.0.6/maven-plugin-registry-2.0.6.pom
1K downloaded
2016-02-28 22:38:01,920 [Thread-107] INFO  root  - Downloading: file:///C:/Polarion/data/shared-maven-repo/org/codehaus/plexus/plexus-utils/1.5.6/plexus-utils-1.5.6.pom
2016-02-28 22:38:01,920 [Thread-107] INFO  root  - Unable to find resource 'org.codehaus.plexus:plexus-utils:pom:1.5.6' in repository polarion-shared (file:///C:/Polarion/data/shared-maven-repo)
2016-02-28 22:38:01,942 [Thread-107] INFO  root  - Downloading: file:///C:/Polarion/maven/repository/org/codehaus/plexus/plexus-utils/1.5.6/plexus-utils-1.5.6.pom
5K downloaded
2016-02-28 22:38:01,954 [Thread-107] INFO  root  - Downloading: file:///C:/Polarion/data/shared-maven-repo/org/codehaus/plexus/plexus/1.0.12/plexus-1.0.12.pom
2016-02-28 22:38:01,965 [Thread-107] INFO  root  - Unable to find resource 'org.codehaus.plexus:plexus:pom:1.0.12' in repository polarion-shared (file:///C:/Polarion/data/shared-maven-repo)
2016-02-28 22:38:01,971 [Thread-107] INFO  root  - Downloading: file:///C:/Polarion/maven/repository/org/codehaus/plexus/plexus/1.0.12/plexus-1.0.12.pom
9K downloaded
2016-02-28 22:38:01,971 [Thread-107] INFO  root  - Downloading: file:///C:/Polarion/data/shared-maven-repo/org/apache/maven/shared/maven-filtering/1.0-beta-2/maven-filtering-1.0-beta-2.pom
2016-02-28 22:38:01,997 [Thread-107] INFO  root  - Unable to find resource 'org.apache.maven.shared:maven-filtering:pom:1.0-beta-2' in repository polarion-shared (file:///C:/Polarion/data/shared-maven-repo)
2016-02-28 22:38:02,007 [Thread-107] INFO  root  - Downloading: file:///C:/Polarion/maven/repository/org/apache/maven/shared/maven-filtering/1.0-beta-2/maven-filtering-1.0-beta-2.pom
3K downloaded
2016-02-28 22:38:02,018 [Thread-107] INFO  root  - Downloading: file:///C:/Polarion/data/shared-maven-repo/org/apache/maven/shared/maven-shared-components/10/maven-shared-components-10.pom
2016-02-28 22:38:02,020 [Thread-107] INFO  root  - Unable to find resource 'org.apache.maven.shared:maven-shared-components:pom:10' in repository polarion-shared (file:///C:/Polarion/data/shared-maven-repo)
2016-02-28 22:38:02,040 [Thread-107] INFO  root  - Downloading: file:///C:/Polarion/maven/repository/org/apache/maven/shared/maven-shared-components/10/maven-shared-components-10.pom
8K downloaded
2016-02-28 22:38:02,052 [Thread-107] INFO  root  - Downloading: file:///C:/Polarion/data/shared-maven-repo/org/apache/maven/maven-core/2.0.6/maven-core-2.0.6.pom
2016-02-28 22:38:02,070 [Thread-107] INFO  root  - Unable to find resource 'org.apache.maven:maven-core:pom:2.0.6' in repository polarion-shared (file:///C:/Polarion/data/shared-maven-repo)
2016-02-28 22:38:02,073 [Thread-107] INFO  root  - Downloading: file:///C:/Polarion/maven/repository/org/apache/maven/maven-core/2.0.6/maven-core-2.0.6.pom
6K downloaded
2016-02-28 22:38:02,099 [Thread-107] INFO  root  - Downloading: file:///C:/Polarion/data/shared-maven-repo/org/apache/maven/wagon/wagon-file/1.0-beta-2/wagon-file-1.0-beta-2.pom
2016-02-28 22:38:02,110 [Thread-107] INFO  root  - Unable to find resource 'org.apache.maven.wagon:wagon-file:pom:1.0-beta-2' in repository polarion-shared (file:///C:/Polarion/data/shared-maven-repo)
2016-02-28 22:38:02,134 [Thread-107] INFO  root  - Downloading: file:///C:/Polarion/maven/repository/org/apache/maven/wagon/wagon-file/1.0-beta-2/wagon-file-1.0-beta-2.pom
637b downloaded
2016-02-28 22:38:02,150 [Thread-107] INFO  root  - Downloading: file:///C:/Polarion/data/shared-maven-repo/org/apache/maven/wagon/wagon-providers/1.0-beta-2/wagon-providers-1.0-beta-2.pom
2016-02-28 22:38:02,163 [Thread-107] INFO  root  - Unable to find resource 'org.apache.maven.wagon:wagon-providers:pom:1.0-beta-2' in repository polarion-shared (file:///C:/Polarion/data/shared-maven-repo)
2016-02-28 22:38:02,170 [Thread-107] INFO  root  - Downloading: file:///C:/Polarion/maven/repository/org/apache/maven/wagon/wagon-providers/1.0-beta-2/wagon-providers-1.0-beta-2.pom
1K downloaded
2016-02-28 22:38:02,170 [Thread-107] INFO  root  - Downloading: file:///C:/Polarion/data/shared-maven-repo/org/apache/maven/maven-plugin-parameter-documenter/2.0.6/maven-plugin-parameter-documenter-2.0.6.pom
2016-02-28 22:38:02,191 [Thread-107] INFO  root  - Unable to find resource 'org.apache.maven:maven-plugin-parameter-documenter:pom:2.0.6' in repository polarion-shared (file:///C:/Polarion/data/shared-maven-repo)
2016-02-28 22:38:02,201 [Thread-107] INFO  root  - Downloading: file:///C:/Polarion/maven/repository/org/apache/maven/maven-plugin-parameter-documenter/2.0.6/maven-plugin-parameter-documenter-2.0.6.pom
1K downloaded
2016-02-28 22:38:02,209 [Thread-107] INFO  root  - Downloading: file:///C:/Polarion/data/shared-maven-repo/org/apache/maven/wagon/wagon-http-lightweight/1.0-beta-2/wagon-http-lightweight-1.0-beta-2.pom
2016-02-28 22:38:02,219 [Thread-107] INFO  root  - Unable to find resource 'org.apache.maven.wagon:wagon-http-lightweight:pom:1.0-beta-2' in repository polarion-shared (file:///C:/Polarion/data/shared-maven-repo)
2016-02-28 22:38:02,220 [Thread-107] INFO  root  - Downloading: file:///C:/Polarion/maven/repository/org/apache/maven/wagon/wagon-http-lightweight/1.0-beta-2/wagon-http-lightweight-1.0-beta-2.pom
1K downloaded
2016-02-28 22:38:02,241 [Thread-107] INFO  root  - Downloading: file:///C:/Polarion/data/shared-maven-repo/org/apache/maven/wagon/wagon-http-shared/1.0-beta-2/wagon-http-shared-1.0-beta-2.pom
2016-02-28 22:38:02,251 [Thread-107] INFO  root  - Unable to find resource 'org.apache.maven.wagon:wagon-http-shared:pom:1.0-beta-2' in repository polarion-shared (file:///C:/Polarion/data/shared-maven-repo)
2016-02-28 22:38:02,259 [Thread-107] INFO  root  - Downloading: file:///C:/Polarion/maven/repository/org/apache/maven/wagon/wagon-http-shared/1.0-beta-2/wagon-http-shared-1.0-beta-2.pom
845b downloaded
2016-02-28 22:38:02,268 [Thread-107] INFO  root  - Downloading: file:///C:/Polarion/data/shared-maven-repo/jtidy/jtidy/4aug2000r7-dev/jtidy-4aug2000r7-dev.pom
2016-02-28 22:38:02,270 [Thread-107] INFO  root  - Unable to find resource 'jtidy:jtidy:pom:4aug2000r7-dev' in repository polarion-shared (file:///C:/Polarion/data/shared-maven-repo)
2016-02-28 22:38:02,270 [Thread-107] INFO  root  - Downloading: file:///C:/Polarion/maven/repository/jtidy/jtidy/4aug2000r7-dev/jtidy-4aug2000r7-dev.pom
1K downloaded
2016-02-28 22:38:02,299 [Thread-107] INFO  root  - Downloading: file:///C:/Polarion/data/shared-maven-repo/xml-apis/xml-apis/1.0.b2/xml-apis-1.0.b2.pom
2016-02-28 22:38:02,309 [Thread-107] INFO  root  - Unable to find resource 'xml-apis:xml-apis:pom:1.0.b2' in repository polarion-shared (file:///C:/Polarion/data/shared-maven-repo)
2016-02-28 22:38:02,320 [Thread-107] INFO  root  - Downloading: file:///C:/Polarion/maven/repository/xml-apis/xml-apis/1.0.b2/xml-apis-1.0.b2.pom
2K downloaded
2016-02-28 22:38:02,340 [Thread-107] INFO  root  - Downloading: file:///C:/Polarion/data/shared-maven-repo/org/apache/maven/reporting/maven-reporting-api/2.0.6/maven-reporting-api-2.0.6.pom
2016-02-28 22:38:02,351 [Thread-107] INFO  root  - Unable to find resource 'org.apache.maven.reporting:maven-reporting-api:pom:2.0.6' in repository polarion-shared (file:///C:/Polarion/data/shared-maven-repo)
2016-02-28 22:38:02,364 [Thread-107] INFO  root  - Downloading: file:///C:/Polarion/maven/repository/org/apache/maven/reporting/maven-reporting-api/2.0.6/maven-reporting-api-2.0.6.pom
1K downloaded
2016-02-28 22:38:02,370 [Thread-107] INFO  root  - Downloading: file:///C:/Polarion/data/shared-maven-repo/org/apache/maven/reporting/maven-reporting/2.0.6/maven-reporting-2.0.6.pom
2016-02-28 22:38:02,388 [Thread-107] INFO  root  - Unable to find resource 'org.apache.maven.reporting:maven-reporting:pom:2.0.6' in repository polarion-shared (file:///C:/Polarion/data/shared-maven-repo)
2016-02-28 22:38:02,400 [Thread-107] INFO  root  - Downloading: file:///C:/Polarion/maven/repository/org/apache/maven/reporting/maven-reporting/2.0.6/maven-reporting-2.0.6.pom
1K downloaded
2016-02-28 22:38:02,413 [Thread-107] INFO  root  - Downloading: file:///C:/Polarion/data/shared-maven-repo/org/apache/maven/doxia/doxia-sink-api/1.0-alpha-7/doxia-sink-api-1.0-alpha-7.pom
2016-02-28 22:38:02,420 [Thread-107] INFO  root  - Unable to find resource 'org.apache.maven.doxia:doxia-sink-api:pom:1.0-alpha-7' in repository polarion-shared (file:///C:/Polarion/data/shared-maven-repo)
2016-02-28 22:38:02,436 [Thread-107] INFO  root  - Downloading: file:///C:/Polarion/maven/repository/org/apache/maven/doxia/doxia-sink-api/1.0-alpha-7/doxia-sink-api-1.0-alpha-7.pom
424b downloaded
2016-02-28 22:38:02,447 [Thread-107] INFO  root  - Downloading: file:///C:/Polarion/data/shared-maven-repo/org/apache/maven/doxia/doxia/1.0-alpha-7/doxia-1.0-alpha-7.pom
2016-02-28 22:38:02,458 [Thread-107] INFO  root  - Unable to find resource 'org.apache.maven.doxia:doxia:pom:1.0-alpha-7' in repository polarion-shared (file:///C:/Polarion/data/shared-maven-repo)
2016-02-28 22:38:02,471 [Thread-107] INFO  root  - Downloading: file:///C:/Polarion/maven/repository/org/apache/maven/doxia/doxia/1.0-alpha-7/doxia-1.0-alpha-7.pom
3K downloaded
2016-02-28 22:38:02,471 [Thread-107] INFO  root  - Downloading: file:///C:/Polarion/data/shared-maven-repo/org/apache/maven/maven-error-diagnostics/2.0.6/maven-error-diagnostics-2.0.6.pom
2016-02-28 22:38:02,490 [Thread-107] INFO  root  - Unable to find resource 'org.apache.maven:maven-error-diagnostics:pom:2.0.6' in repository polarion-shared (file:///C:/Polarion/data/shared-maven-repo)
2016-02-28 22:38:02,499 [Thread-107] INFO  root  - Downloading: file:///C:/Polarion/maven/repository/org/apache/maven/maven-error-diagnostics/2.0.6/maven-error-diagnostics-2.0.6.pom
1K downloaded
2016-02-28 22:38:02,508 [Thread-107] INFO  root  - Downloading: file:///C:/Polarion/data/shared-maven-repo/commons-cli/commons-cli/1.0/commons-cli-1.0.pom
2016-02-28 22:38:02,517 [Thread-107] INFO  root  - Unable to find resource 'commons-cli:commons-cli:pom:1.0' in repository polarion-shared (file:///C:/Polarion/data/shared-maven-repo)
2016-02-28 22:38:02,521 [Thread-107] INFO  root  - Downloading: file:///C:/Polarion/maven/repository/commons-cli/commons-cli/1.0/commons-cli-1.0.pom
2K downloaded
2016-02-28 22:38:02,521 [Thread-107] INFO  root  - Downloading: file:///C:/Polarion/data/shared-maven-repo/org/apache/maven/wagon/wagon-ssh-external/1.0-beta-2/wagon-ssh-external-1.0-beta-2.pom
2016-02-28 22:38:02,547 [Thread-107] INFO  root  - Unable to find resource 'org.apache.maven.wagon:wagon-ssh-external:pom:1.0-beta-2' in repository polarion-shared (file:///C:/Polarion/data/shared-maven-repo)
2016-02-28 22:38:02,556 [Thread-107] INFO  root  - Downloading: file:///C:/Polarion/maven/repository/org/apache/maven/wagon/wagon-ssh-external/1.0-beta-2/wagon-ssh-external-1.0-beta-2.pom
1K downloaded
2016-02-28 22:38:02,564 [Thread-107] INFO  root  - Downloading: file:///C:/Polarion/data/shared-maven-repo/org/apache/maven/wagon/wagon-ssh-common/1.0-beta-2/wagon-ssh-common-1.0-beta-2.pom
2016-02-28 22:38:02,570 [Thread-107] INFO  root  - Unable to find resource 'org.apache.maven.wagon:wagon-ssh-common:pom:1.0-beta-2' in repository polarion-shared (file:///C:/Polarion/data/shared-maven-repo)
2016-02-28 22:38:02,570 [Thread-107] INFO  root  - Downloading: file:///C:/Polarion/maven/repository/org/apache/maven/wagon/wagon-ssh-common/1.0-beta-2/wagon-ssh-common-1.0-beta-2.pom
851b downloaded
2016-02-28 22:38:02,593 [Thread-107] INFO  root  - Downloading: file:///C:/Polarion/data/shared-maven-repo/org/codehaus/plexus/plexus-interactivity-api/1.0-alpha-4/plexus-interactivity-api-1.0-alpha-4.pom
2016-02-28 22:38:02,602 [Thread-107] INFO  root  - Unable to find resource 'org.codehaus.plexus:plexus-interactivity-api:pom:1.0-alpha-4' in repository polarion-shared (file:///C:/Polarion/data/shared-maven-repo)
2016-02-28 22:38:02,611 [Thread-107] INFO  root  - Downloading: file:///C:/Polarion/maven/repository/org/codehaus/plexus/plexus-interactivity-api/1.0-alpha-4/plexus-interactivity-api-1.0-alpha-4.pom
6K downloaded
2016-02-28 22:38:02,620 [Thread-107] INFO  root  - Downloading: file:///C:/Polarion/data/shared-maven-repo/org/codehaus/plexus/plexus-container-default/1.0-alpha-7/plexus-container-default-1.0-alpha-7.pom
2016-02-28 22:38:02,620 [Thread-107] INFO  root  - Unable to find resource 'org.codehaus.plexus:plexus-container-default:pom:1.0-alpha-7' in repository polarion-shared (file:///C:/Polarion/data/shared-maven-repo)
2016-02-28 22:38:02,644 [Thread-107] INFO  root  - Downloading: file:///C:/Polarion/maven/repository/org/codehaus/plexus/plexus-container-default/1.0-alpha-7/plexus-container-default-1.0-alpha-7.pom
1K downloaded
2016-02-28 22:38:02,655 [Thread-107] INFO  root  - Downloading: file:///C:/Polarion/data/shared-maven-repo/plexus/plexus-containers/1.0.2/plexus-containers-1.0.2.pom
2016-02-28 22:38:02,665 [Thread-107] INFO  root  - Unable to find resource 'plexus:plexus-containers:pom:1.0.2' in repository polarion-shared (file:///C:/Polarion/data/shared-maven-repo)
2016-02-28 22:38:02,670 [Thread-107] INFO  root  - Downloading: file:///C:/Polarion/maven/repository/plexus/plexus-containers/1.0.2/plexus-containers-1.0.2.pom
471b downloaded
2016-02-28 22:38:02,686 [Thread-107] INFO  root  - Downloading: file:///C:/Polarion/data/shared-maven-repo/plexus/plexus-root/1.0.3/plexus-root-1.0.3.pom
2016-02-28 22:38:02,698 [Thread-107] INFO  root  - Unable to find resource 'plexus:plexus-root:pom:1.0.3' in repository polarion-shared (file:///C:/Polarion/data/shared-maven-repo)
2016-02-28 22:38:02,711 [Thread-107] INFO  root  - Downloading: file:///C:/Polarion/maven/repository/plexus/plexus-root/1.0.3/plexus-root-1.0.3.pom
5K downloaded
2016-02-28 22:38:02,720 [Thread-107] INFO  root  - Downloading: file:///C:/Polarion/data/shared-maven-repo/plexus/plexus-utils/1.0.2/plexus-utils-1.0.2.pom
2016-02-28 22:38:02,745 [Thread-107] INFO  root  - Unable to find resource 'plexus:plexus-utils:pom:1.0.2' in repository polarion-shared (file:///C:/Polarion/data/shared-maven-repo)
2016-02-28 22:38:02,761 [Thread-107] INFO  root  - Downloading: file:///C:/Polarion/maven/repository/plexus/plexus-utils/1.0.2/plexus-utils-1.0.2.pom
740b downloaded
2016-02-28 22:38:02,774 [Thread-107] INFO  root  - Downloading: file:///C:/Polarion/data/shared-maven-repo/org/apache/maven/maven-plugin-descriptor/2.0.6/maven-plugin-descriptor-2.0.6.pom
2016-02-28 22:38:02,794 [Thread-107] INFO  root  - Unable to find resource 'org.apache.maven:maven-plugin-descriptor:pom:2.0.6' in repository polarion-shared (file:///C:/Polarion/data/shared-maven-repo)
2016-02-28 22:38:02,806 [Thread-107] INFO  root  - Downloading: file:///C:/Polarion/maven/repository/org/apache/maven/maven-plugin-descriptor/2.0.6/maven-plugin-descriptor-2.0.6.pom
1K downloaded
2016-02-28 22:38:02,817 [Thread-107] INFO  root  - Downloading: file:///C:/Polarion/data/shared-maven-repo/org/apache/maven/maven-monitor/2.0.6/maven-monitor-2.0.6.pom
2016-02-28 22:38:02,829 [Thread-107] INFO  root  - Unable to find resource 'org.apache.maven:maven-monitor:pom:2.0.6' in repository polarion-shared (file:///C:/Polarion/data/shared-maven-repo)
2016-02-28 22:38:02,842 [Thread-107] INFO  root  - Downloading: file:///C:/Polarion/maven/repository/org/apache/maven/maven-monitor/2.0.6/maven-monitor-2.0.6.pom
1K downloaded
2016-02-28 22:38:02,854 [Thread-107] INFO  root  - Downloading: file:///C:/Polarion/data/shared-maven-repo/org/apache/maven/wagon/wagon-ssh/1.0-beta-2/wagon-ssh-1.0-beta-2.pom
2016-02-28 22:38:02,865 [Thread-107] INFO  root  - Unable to find resource 'org.apache.maven.wagon:wagon-ssh:pom:1.0-beta-2' in repository polarion-shared (file:///C:/Polarion/data/shared-maven-repo)
2016-02-28 22:38:02,879 [Thread-107] INFO  root  - Downloading: file:///C:/Polarion/maven/repository/org/apache/maven/wagon/wagon-ssh/1.0-beta-2/wagon-ssh-1.0-beta-2.pom
1K downloaded
2016-02-28 22:38:02,888 [Thread-107] INFO  root  - Downloading: file:///C:/Polarion/data/shared-maven-repo/com/jcraft/jsch/0.1.27/jsch-0.1.27.pom
2016-02-28 22:38:02,898 [Thread-107] INFO  root  - Unable to find resource 'com.jcraft:jsch:pom:0.1.27' in repository polarion-shared (file:///C:/Polarion/data/shared-maven-repo)
2016-02-28 22:38:02,907 [Thread-107] INFO  root  - Downloading: file:///C:/Polarion/maven/repository/com/jcraft/jsch/0.1.27/jsch-0.1.27.pom
965b downloaded
2016-02-28 22:38:02,917 [Thread-107] INFO  root  - Downloading: file:///C:/Polarion/data/shared-maven-repo/classworlds/classworlds/1.1/classworlds-1.1.pom
2016-02-28 22:38:02,927 [Thread-107] INFO  root  - Unable to find resource 'classworlds:classworlds:pom:1.1' in repository polarion-shared (file:///C:/Polarion/data/shared-maven-repo)
2016-02-28 22:38:02,936 [Thread-107] INFO  root  - Downloading: file:///C:/Polarion/maven/repository/classworlds/classworlds/1.1/classworlds-1.1.pom
3K downloaded
2016-02-28 22:38:02,945 [Thread-107] INFO  root  - Downloading: file:///C:/Polarion/data/shared-maven-repo/org/codehaus/plexus/plexus-interpolation/1.6/plexus-interpolation-1.6.pom
2016-02-28 22:38:02,945 [Thread-107] INFO  root  - Unable to find resource 'org.codehaus.plexus:plexus-interpolation:pom:1.6' in repository polarion-shared (file:///C:/Polarion/data/shared-maven-repo)
2016-02-28 22:38:02,966 [Thread-107] INFO  root  - Downloading: file:///C:/Polarion/maven/repository/org/codehaus/plexus/plexus-interpolation/1.6/plexus-interpolation-1.6.pom
2K downloaded
2016-02-28 22:38:02,976 [Thread-107] INFO  root  - Downloading: file:///C:/Polarion/data/shared-maven-repo/org/codehaus/plexus/plexus-utils/1.5.6/plexus-utils-1.5.6.jar
2016-02-28 22:38:02,986 [Thread-107] INFO  root  - Unable to find resource 'org.codehaus.plexus:plexus-utils:jar:1.5.6' in repository polarion-shared (file:///C:/Polarion/data/shared-maven-repo)
2016-02-28 22:38:02,995 [Thread-107] INFO  root  - Downloading: file:///C:/Polarion/maven/repository/org/codehaus/plexus/plexus-utils/1.5.6/plexus-utils-1.5.6.jar
244K downloaded
2016-02-28 22:38:02,995 [Thread-107] INFO  root  - Downloading: file:///C:/Polarion/data/shared-maven-repo/org/apache/maven/shared/maven-filtering/1.0-beta-2/maven-filtering-1.0-beta-2.jar
2016-02-28 22:38:03,019 [Thread-107] INFO  root  - Unable to find resource 'org.apache.maven.shared:maven-filtering:jar:1.0-beta-2' in repository polarion-shared (file:///C:/Polarion/data/shared-maven-repo)
2016-02-28 22:38:03,032 [Thread-107] INFO  root  - Downloading: file:///C:/Polarion/maven/repository/org/apache/maven/shared/maven-filtering/1.0-beta-2/maven-filtering-1.0-beta-2.jar
32K downloaded
2016-02-28 22:38:03,044 [Thread-107] INFO  root  - Downloading: file:///C:/Polarion/data/shared-maven-repo/org/codehaus/plexus/plexus-interpolation/1.6/plexus-interpolation-1.6.jar
2016-02-28 22:38:03,045 [Thread-107] INFO  root  - Unable to find resource 'org.codehaus.plexus:plexus-interpolation:jar:1.6' in repository polarion-shared (file:///C:/Polarion/data/shared-maven-repo)
2016-02-28 22:38:03,071 [Thread-107] INFO  root  - Downloading: file:///C:/Polarion/maven/repository/org/codehaus/plexus/plexus-interpolation/1.6/plexus-interpolation-1.6.jar
49K downloaded
2016-02-28 22:38:03,082 [Thread-107] INFO  root  - [resources:resources]
[WARNING] Using platform encoding (Cp1250 actually) to copy filtered resources, i.e. build is platform dependent!
2016-02-28 22:38:03,093 [Thread-107] INFO  root  - skip non existing resourceDirectory C:\Polarion\data\workspace\polarion-data\jobs\20160228-2237\sources\drivepilot\drivepilot\drivepilot\null\src\main\resources
2016-02-28 22:38:03,096 [Thread-107] INFO  root  - Downloading: file:///C:/Polarion/data/shared-maven-repo/log4j/log4j/1.2.8/log4j-1.2.8.pom
2016-02-28 22:38:03,119 [Thread-107] INFO  root  - Unable to find resource 'log4j:log4j:pom:1.2.8' in repository polarion-shared (file:///C:/Polarion/data/shared-maven-repo)
2016-02-28 22:38:03,131 [Thread-107] INFO  root  - Downloading: file:///C:/Polarion/maven/repository/log4j/log4j/1.2.8/log4j-1.2.8.pom
145b downloaded
2016-02-28 22:38:03,140 [Thread-107] INFO  root  - Downloading: file:///C:/Polarion/data/shared-maven-repo/commons-configuration/commons-configuration/1.2/commons-configuration-1.2.pom
2016-02-28 22:38:03,145 [Thread-107] INFO  root  - Unable to find resource 'commons-configuration:commons-configuration:pom:1.2' in repository polarion-shared (file:///C:/Polarion/data/shared-maven-repo)
2016-02-28 22:38:03,145 [Thread-107] INFO  root  - Downloading: file:///C:/Polarion/maven/repository/commons-configuration/commons-configuration/1.2/commons-configuration-1.2.pom
10K downloaded
2016-02-28 22:38:03,172 [Thread-107] INFO  root  - Downloading: file:///C:/Polarion/data/shared-maven-repo/commons-collections/commons-collections/3.1/commons-collections-3.1.pom
2016-02-28 22:38:03,182 [Thread-107] INFO  root  - Unable to find resource 'commons-collections:commons-collections:pom:3.1' in repository polarion-shared (file:///C:/Polarion/data/shared-maven-repo)
2016-02-28 22:38:03,192 [Thread-107] INFO  root  - Downloading: file:///C:/Polarion/maven/repository/commons-collections/commons-collections/3.1/commons-collections-3.1.pom
5K downloaded
2016-02-28 22:38:03,195 [Thread-107] INFO  root  - Downloading: file:///C:/Polarion/data/shared-maven-repo/commons-lang/commons-lang/2.1/commons-lang-2.1.pom
2016-02-28 22:38:03,195 [Thread-107] INFO  root  - Unable to find resource 'commons-lang:commons-lang:pom:2.1' in repository polarion-shared (file:///C:/Polarion/data/shared-maven-repo)
2016-02-28 22:38:03,221 [Thread-107] INFO  root  - Downloading: file:///C:/Polarion/maven/repository/commons-lang/commons-lang/2.1/commons-lang-2.1.pom
9K downloaded
2016-02-28 22:38:03,229 [Thread-107] INFO  root  - Downloading: file:///C:/Polarion/data/shared-maven-repo/dom4j/dom4j/1.4/dom4j-1.4.pom
2016-02-28 22:38:03,238 [Thread-107] INFO  root  - Unable to find resource 'dom4j:dom4j:pom:1.4' in repository polarion-shared (file:///C:/Polarion/data/shared-maven-repo)
2016-02-28 22:38:03,245 [Thread-107] INFO  root  - Downloading: file:///C:/Polarion/maven/repository/dom4j/dom4j/1.4/dom4j-1.4.pom
2K downloaded
2016-02-28 22:38:03,245 [Thread-107] INFO  root  - Downloading: file:///C:/Polarion/data/shared-maven-repo/jaxen/jaxen/1.0-FCS/jaxen-1.0-FCS.pom
2016-02-28 22:38:03,266 [Thread-107] INFO  root  - Unable to find resource 'jaxen:jaxen:pom:1.0-FCS' in repository polarion-shared (file:///C:/Polarion/data/shared-maven-repo)
2016-02-28 22:38:03,276 [Thread-107] INFO  root  - Downloading: file:///C:/Polarion/maven/repository/jaxen/jaxen/1.0-FCS/jaxen-1.0-FCS.pom
146b downloaded
2016-02-28 22:38:03,285 [Thread-107] INFO  root  - Downloading: file:///C:/Polarion/data/shared-maven-repo/saxpath/saxpath/1.0-FCS/saxpath-1.0-FCS.pom
2016-02-28 22:38:03,294 [Thread-107] INFO  root  - Unable to find resource 'saxpath:saxpath:pom:1.0-FCS' in repository polarion-shared (file:///C:/Polarion/data/shared-maven-repo)
2016-02-28 22:38:03,295 [Thread-107] INFO  root  - Downloading: file:///C:/Polarion/maven/repository/saxpath/saxpath/1.0-FCS/saxpath-1.0-FCS.pom
150b downloaded
2016-02-28 22:38:03,313 [Thread-107] INFO  root  - Downloading: file:///C:/Polarion/data/shared-maven-repo/msv/msv/20020414/msv-20020414.pom
2016-02-28 22:38:03,325 [Thread-107] INFO  root  - Unable to find resource 'msv:msv:pom:20020414' in repository polarion-shared (file:///C:/Polarion/data/shared-maven-repo)
2016-02-28 22:38:03,336 [Thread-107] INFO  root  - Downloading: file:///C:/Polarion/maven/repository/msv/msv/20020414/msv-20020414.pom
143b downloaded
2016-02-28 22:38:03,348 [Thread-107] INFO  root  - Downloading: file:///C:/Polarion/data/shared-maven-repo/relaxngDatatype/relaxngDatatype/20020414/relaxngDatatype-20020414.pom
2016-02-28 22:38:03,361 [Thread-107] INFO  root  - Unable to find resource 'relaxngDatatype:relaxngDatatype:pom:20020414' in repository polarion-shared (file:///C:/Polarion/data/shared-maven-repo)
2016-02-28 22:38:03,372 [Thread-107] INFO  root  - Downloading: file:///C:/Polarion/maven/repository/relaxngDatatype/relaxngDatatype/20020414/relaxngDatatype-20020414.pom
167b downloaded
2016-02-28 22:38:03,383 [Thread-107] INFO  root  - Downloading: file:///C:/Polarion/data/shared-maven-repo/isorelax/isorelax/20020414/isorelax-20020414.pom
2016-02-28 22:38:03,394 [Thread-107] INFO  root  - Unable to find resource 'isorelax:isorelax:pom:20020414' in repository polarion-shared (file:///C:/Polarion/data/shared-maven-repo)
2016-02-28 22:38:03,405 [Thread-107] INFO  root  - Downloading: file:///C:/Polarion/maven/repository/isorelax/isorelax/20020414/isorelax-20020414.pom
153b downloaded
2016-02-28 22:38:03,417 [Thread-107] INFO  root  - Downloading: file:///C:/Polarion/data/shared-maven-repo/commons-logging/commons-logging-api/1.0.4/commons-logging-api-1.0.4.pom
2016-02-28 22:38:03,420 [Thread-107] INFO  root  - Unable to find resource 'commons-logging:commons-logging-api:pom:1.0.4' in repository polarion-shared (file:///C:/Polarion/data/shared-maven-repo)
2016-02-28 22:38:03,442 [Thread-107] INFO  root  - Downloading: file:///C:/Polarion/maven/repository/commons-logging/commons-logging-api/1.0.4/commons-logging-api-1.0.4.pom
168b downloaded
2016-02-28 22:38:03,452 [Thread-107] INFO  root  - Downloading: file:///C:/Polarion/data/shared-maven-repo/commons-digester/commons-digester/1.6/commons-digester-1.6.pom
2016-02-28 22:38:03,465 [Thread-107] INFO  root  - Unable to find resource 'commons-digester:commons-digester:pom:1.6' in repository polarion-shared (file:///C:/Polarion/data/shared-maven-repo)
2016-02-28 22:38:03,471 [Thread-107] INFO  root  - Downloading: file:///C:/Polarion/maven/repository/commons-digester/commons-digester/1.6/commons-digester-1.6.pom
974b downloaded
2016-02-28 22:38:03,471 [Thread-107] INFO  root  - Downloading: file:///C:/Polarion/data/shared-maven-repo/commons-beanutils/commons-beanutils/1.6/commons-beanutils-1.6.pom
2016-02-28 22:38:03,498 [Thread-107] INFO  root  - Unable to find resource 'commons-beanutils:commons-beanutils:pom:1.6' in repository polarion-shared (file:///C:/Polarion/data/shared-maven-repo)
2016-02-28 22:38:03,510 [Thread-107] INFO  root  - Downloading: file:///C:/Polarion/maven/repository/commons-beanutils/commons-beanutils/1.6/commons-beanutils-1.6.pom
2K downloaded
2016-02-28 22:38:03,519 [Thread-107] INFO  root  - Downloading: file:///C:/Polarion/data/shared-maven-repo/commons-logging/commons-logging/1.0/commons-logging-1.0.pom
2016-02-28 22:38:03,520 [Thread-107] INFO  root  - Unable to find resource 'commons-logging:commons-logging:pom:1.0' in repository polarion-shared (file:///C:/Polarion/data/shared-maven-repo)
2016-02-28 22:38:03,538 [Thread-107] INFO  root  - Downloading: file:///C:/Polarion/maven/repository/commons-logging/commons-logging/1.0/commons-logging-1.0.pom
163b downloaded
2016-02-28 22:38:03,548 [Thread-107] INFO  root  - Downloading: file:///C:/Polarion/data/shared-maven-repo/commons-collections/commons-collections/2.0/commons-collections-2.0.pom
2016-02-28 22:38:03,558 [Thread-107] INFO  root  - Unable to find resource 'commons-collections:commons-collections:pom:2.0' in repository polarion-shared (file:///C:/Polarion/data/shared-maven-repo)
2016-02-28 22:38:03,567 [Thread-107] INFO  root  - Downloading: file:///C:/Polarion/maven/repository/commons-collections/commons-collections/2.0/commons-collections-2.0.pom
171b downloaded
2016-02-28 22:38:03,571 [Thread-107] INFO  root  - Downloading: file:///C:/Polarion/data/shared-maven-repo/commons-collections/commons-collections/2.1/commons-collections-2.1.pom
2016-02-28 22:38:03,571 [Thread-107] INFO  root  - Unable to find resource 'commons-collections:commons-collections:pom:2.1' in repository polarion-shared (file:///C:/Polarion/data/shared-maven-repo)
2016-02-28 22:38:03,596 [Thread-107] INFO  root  - Downloading: file:///C:/Polarion/maven/repository/commons-collections/commons-collections/2.1/commons-collections-2.1.pom
3K downloaded
2016-02-28 22:38:03,605 [Thread-107] INFO  root  - Downloading: file:///C:/Polarion/data/shared-maven-repo/commons-beanutils/commons-beanutils-core/1.7.0/commons-beanutils-core-1.7.0.pom
2016-02-28 22:38:03,613 [Thread-107] INFO  root  - Unable to find resource 'commons-beanutils:commons-beanutils-core:pom:1.7.0' in repository polarion-shared (file:///C:/Polarion/data/shared-maven-repo)
2016-02-28 22:38:03,622 [Thread-107] INFO  root  - Downloading: file:///C:/Polarion/maven/repository/commons-beanutils/commons-beanutils-core/1.7.0/commons-beanutils-core-1.7.0.pom
719b downloaded
2016-02-28 22:38:03,622 [Thread-107] INFO  root  - Downloading: file:///C:/Polarion/data/shared-maven-repo/commons-codec/commons-codec/1.3/commons-codec-1.3.pom
2016-02-28 22:38:03,641 [Thread-107] INFO  root  - Unable to find resource 'commons-codec:commons-codec:pom:1.3' in repository polarion-shared (file:///C:/Polarion/data/shared-maven-repo)
2016-02-28 22:38:03,650 [Thread-107] INFO  root  - Downloading: file:///C:/Polarion/maven/repository/commons-codec/commons-codec/1.3/commons-codec-1.3.pom
5K downloaded
2016-02-28 22:38:03,662 [Thread-107] INFO  root  - Downloading: file:///C:/Polarion/data/shared-maven-repo/xerces/xerces/2.2.1/xerces-2.2.1.pom
2016-02-28 22:38:03,670 [Thread-107] INFO  root  - Unable to find resource 'xerces:xerces:pom:2.2.1' in repository polarion-shared (file:///C:/Polarion/data/shared-maven-repo)
2016-02-28 22:38:03,692 [Thread-107] INFO  root  - Downloading: file:///C:/Polarion/maven/repository/xerces/xerces/2.2.1/xerces-2.2.1.pom
322b downloaded
2016-02-28 22:38:03,704 [Thread-107] INFO  root  - Downloading: file:///C:/Polarion/data/shared-maven-repo/xerces/xercesImpl/2.2.1/xercesImpl-2.2.1.pom
2016-02-28 22:38:03,713 [Thread-107] INFO  root  - Unable to find resource 'xerces:xercesImpl:pom:2.2.1' in repository polarion-shared (file:///C:/Polarion/data/shared-maven-repo)
2016-02-28 22:38:03,720 [Thread-107] INFO  root  - Downloading: file:///C:/Polarion/maven/repository/xerces/xercesImpl/2.2.1/xercesImpl-2.2.1.pom
150b downloaded
2016-02-28 22:38:03,720 [Thread-107] INFO  root  - Downloading: file:///C:/Polarion/data/shared-maven-repo/xalan/xalan/2.7.0/xalan-2.7.0.pom
2016-02-28 22:38:03,745 [Thread-107] INFO  root  - Unable to find resource 'xalan:xalan:pom:2.7.0' in repository polarion-shared (file:///C:/Polarion/data/shared-maven-repo)
2016-02-28 22:38:03,756 [Thread-107] INFO  root  - Downloading: file:///C:/Polarion/maven/repository/xalan/xalan/2.7.0/xalan-2.7.0.pom
491b downloaded
2016-02-28 22:38:03,767 [Thread-107] INFO  root  - Downloading: file:///C:/Polarion/data/shared-maven-repo/xml-apis/xml-apis/2.0.2/xml-apis-2.0.2.pom
2016-02-28 22:38:03,771 [Thread-107] INFO  root  - Unable to find resource 'xml-apis:xml-apis:pom:2.0.2' in repository polarion-shared (file:///C:/Polarion/data/shared-maven-repo)
2016-02-28 22:38:03,790 [Thread-107] INFO  root  - Downloading: file:///C:/Polarion/maven/repository/xml-apis/xml-apis/2.0.2/xml-apis-2.0.2.pom
346b downloaded
2016-02-28 22:38:03,800 [Thread-107] INFO  root  - Downloading: file:///C:/Polarion/data/shared-maven-repo/servletapi/servletapi/2.3/servletapi-2.3.pom
2016-02-28 22:38:03,811 [Thread-107] INFO  root  - Unable to find resource 'servletapi:servletapi:pom:2.3' in repository polarion-shared (file:///C:/Polarion/data/shared-maven-repo)
2016-02-28 22:38:03,820 [Thread-107] INFO  root  - Downloading: file:///C:/Polarion/maven/repository/servletapi/servletapi/2.3/servletapi-2.3.pom
739b downloaded
2016-02-28 22:38:03,820 [Thread-107] INFO  root  - Downloading: file:///C:/Polarion/data/shared-maven-repo/javax/servlet/servlet-api/2.3/servlet-api-2.3.pom
2016-02-28 22:38:03,845 [Thread-107] INFO  root  - Unable to find resource 'javax.servlet:servlet-api:pom:2.3' in repository polarion-shared (file:///C:/Polarion/data/shared-maven-repo)
2016-02-28 22:38:03,857 [Thread-107] INFO  root  - Downloading: file:///C:/Polarion/maven/repository/javax/servlet/servlet-api/2.3/servlet-api-2.3.pom
156b downloaded
2016-02-28 22:38:03,866 [Thread-107] INFO  root  - Downloading: file:///C:/Polarion/data/shared-maven-repo/commons-primitives/commons-primitives/1.0/commons-primitives-1.0.pom
2016-02-28 22:38:03,870 [Thread-107] INFO  root  - Unable to find resource 'commons-primitives:commons-primitives:pom:1.0' in repository polarion-shared (file:///C:/Polarion/data/shared-maven-repo)
2016-02-28 22:38:03,870 [Thread-107] INFO  root  - Downloading: file:///C:/Polarion/maven/repository/commons-primitives/commons-primitives/1.0/commons-primitives-1.0.pom
168b downloaded
2016-02-28 22:38:03,897 [Thread-107] INFO  root  - Downloading: file:///C:/Polarion/data/shared-maven-repo/log4j/log4j/1.2.8/log4j-1.2.8.jar
2016-02-28 22:38:03,906 [Thread-107] INFO  root  - Unable to find resource 'log4j:log4j:jar:1.2.8' in repository polarion-shared (file:///C:/Polarion/data/shared-maven-repo)
2016-02-28 22:38:03,915 [Thread-107] INFO  root  - Downloading: file:///C:/Polarion/maven/repository/log4j/log4j/1.2.8/log4j-1.2.8.jar
344K downloaded
2016-02-28 22:38:03,920 [Thread-107] INFO  root  - Downloading: file:///C:/Polarion/data/shared-maven-repo/commons-configuration/commons-configuration/1.2/commons-configuration-1.2.jar
2016-02-28 22:38:03,920 [Thread-107] INFO  root  - Unable to find resource 'commons-configuration:commons-configuration:jar:1.2' in repository polarion-shared (file:///C:/Polarion/data/shared-maven-repo)
2016-02-28 22:38:03,944 [Thread-107] INFO  root  - Downloading: file:///C:/Polarion/maven/repository/commons-configuration/commons-configuration/1.2/commons-configuration-1.2.jar
159K downloaded
2016-02-28 22:38:03,954 [Thread-107] INFO  root  - Downloading: file:///C:/Polarion/data/shared-maven-repo/commons-collections/commons-collections/3.1/commons-collections-3.1.jar
2016-02-28 22:38:03,963 [Thread-107] INFO  root  - Unable to find resource 'commons-collections:commons-collections:jar:3.1' in repository polarion-shared (file:///C:/Polarion/data/shared-maven-repo)
2016-02-28 22:38:03,971 [Thread-107] INFO  root  - Downloading: file:///C:/Polarion/maven/repository/commons-collections/commons-collections/3.1/commons-collections-3.1.jar
546K downloaded
2016-02-28 22:38:03,971 [Thread-107] INFO  root  - Downloading: file:///C:/Polarion/data/shared-maven-repo/commons-lang/commons-lang/2.1/commons-lang-2.1.jar
2016-02-28 22:38:03,993 [Thread-107] INFO  root  - Unable to find resource 'commons-lang:commons-lang:jar:2.1' in repository polarion-shared (file:///C:/Polarion/data/shared-maven-repo)
2016-02-28 22:38:04,002 [Thread-107] INFO  root  - Downloading: file:///C:/Polarion/maven/repository/commons-lang/commons-lang/2.1/commons-lang-2.1.jar
202K downloaded
2016-02-28 22:38:04,010 [Thread-107] INFO  root  - Downloading: file:///C:/Polarion/data/shared-maven-repo/dom4j/dom4j/1.4/dom4j-1.4.jar
2016-02-28 22:38:04,021 [Thread-107] INFO  root  - Unable to find resource 'dom4j:dom4j:jar:1.4' in repository polarion-shared (file:///C:/Polarion/data/shared-maven-repo)
2016-02-28 22:38:04,041 [Thread-107] INFO  root  - Downloading: file:///C:/Polarion/maven/repository/dom4j/dom4j/1.4/dom4j-1.4.jar
475K downloaded
2016-02-28 22:38:04,063 [Thread-107] INFO  root  - Downloading: file:///C:/Polarion/data/shared-maven-repo/xml-apis/xml-apis/1.0.b2/xml-apis-1.0.b2.jar
2016-02-28 22:38:04,071 [Thread-107] INFO  root  - Unable to find resource 'xml-apis:xml-apis:jar:1.0.b2' in repository polarion-shared (file:///C:/Polarion/data/shared-maven-repo)
2016-02-28 22:38:04,071 [Thread-107] INFO  root  - Downloading: file:///C:/Polarion/maven/repository/xml-apis/xml-apis/1.0.b2/xml-apis-1.0.b2.jar
106K downloaded
2016-02-28 22:38:04,099 [Thread-107] INFO  root  - Downloading: file:///C:/Polarion/data/shared-maven-repo/jaxen/jaxen/1.0-FCS/jaxen-1.0-FCS.jar
2016-02-28 22:38:04,111 [Thread-107] INFO  root  - Unable to find resource 'jaxen:jaxen:jar:1.0-FCS' in repository polarion-shared (file:///C:/Polarion/data/shared-maven-repo)
2016-02-28 22:38:04,120 [Thread-107] INFO  root  - Downloading: file:///C:/Polarion/maven/repository/jaxen/jaxen/1.0-FCS/jaxen-1.0-FCS.jar
187K downloaded
2016-02-28 22:38:04,138 [Thread-107] INFO  root  - Downloading: file:///C:/Polarion/data/shared-maven-repo/saxpath/saxpath/1.0-FCS/saxpath-1.0-FCS.jar
2016-02-28 22:38:04,159 [Thread-107] INFO  root  - Unable to find resource 'saxpath:saxpath:jar:1.0-FCS' in repository polarion-shared (file:///C:/Polarion/data/shared-maven-repo)
2016-02-28 22:38:04,170 [Thread-107] INFO  root  - Downloading: file:///C:/Polarion/maven/repository/saxpath/saxpath/1.0-FCS/saxpath-1.0-FCS.jar
23K downloaded
2016-02-28 22:38:04,170 [Thread-107] INFO  root  - Downloading: file:///C:/Polarion/data/shared-maven-repo/msv/msv/20020414/msv-20020414.jar
2016-02-28 22:38:04,190 [Thread-107] INFO  root  - Unable to find resource 'msv:msv:jar:20020414' in repository polarion-shared (file:///C:/Polarion/data/shared-maven-repo)
2016-02-28 22:38:04,199 [Thread-107] INFO  root  - Downloading: file:///C:/Polarion/maven/repository/msv/msv/20020414/msv-20020414.jar
1133K downloaded
2016-02-28 22:38:04,208 [Thread-107] INFO  root  - Downloading: file:///C:/Polarion/data/shared-maven-repo/relaxngDatatype/relaxngDatatype/20020414/relaxngDatatype-20020414.jar
2016-02-28 22:38:04,217 [Thread-107] INFO  root  - Unable to find resource 'relaxngDatatype:relaxngDatatype:jar:20020414' in repository polarion-shared (file:///C:/Polarion/data/shared-maven-repo)
2016-02-28 22:38:04,221 [Thread-107] INFO  root  - Downloading: file:///C:/Polarion/maven/repository/relaxngDatatype/relaxngDatatype/20020414/relaxngDatatype-20020414.jar
18K downloaded
2016-02-28 22:38:04,221 [Thread-107] INFO  root  - Downloading: file:///C:/Polarion/data/shared-maven-repo/isorelax/isorelax/20020414/isorelax-20020414.jar
2016-02-28 22:38:04,246 [Thread-107] INFO  root  - Unable to find resource 'isorelax:isorelax:jar:20020414' in repository polarion-shared (file:///C:/Polarion/data/shared-maven-repo)
2016-02-28 22:38:04,255 [Thread-107] INFO  root  - Downloading: file:///C:/Polarion/maven/repository/isorelax/isorelax/20020414/isorelax-20020414.jar
131K downloaded
2016-02-28 22:38:04,264 [Thread-107] INFO  root  - Downloading: file:///C:/Polarion/data/shared-maven-repo/commons-logging/commons-logging-api/1.0.4/commons-logging-api-1.0.4.jar
2016-02-28 22:38:04,272 [Thread-107] INFO  root  - Unable to find resource 'commons-logging:commons-logging-api:jar:1.0.4' in repository polarion-shared (file:///C:/Polarion/data/shared-maven-repo)
2016-02-28 22:38:04,272 [Thread-107] INFO  root  - Downloading: file:///C:/Polarion/maven/repository/commons-logging/commons-logging-api/1.0.4/commons-logging-api-1.0.4.jar
25K downloaded
2016-02-28 22:38:04,294 [Thread-107] INFO  root  - Downloading: file:///C:/Polarion/data/shared-maven-repo/commons-digester/commons-digester/1.6/commons-digester-1.6.jar
2016-02-28 22:38:04,303 [Thread-107] INFO  root  - Unable to find resource 'commons-digester:commons-digester:jar:1.6' in repository polarion-shared (file:///C:/Polarion/data/shared-maven-repo)
2016-02-28 22:38:04,312 [Thread-107] INFO  root  - Downloading: file:///C:/Polarion/maven/repository/commons-digester/commons-digester/1.6/commons-digester-1.6.jar
164K downloaded
2016-02-28 22:38:04,320 [Thread-107] INFO  root  - Downloading: file:///C:/Polarion/data/shared-maven-repo/commons-beanutils/commons-beanutils/1.6/commons-beanutils-1.6.jar
2016-02-28 22:38:04,320 [Thread-107] INFO  root  - Unable to find resource 'commons-beanutils:commons-beanutils:jar:1.6' in repository polarion-shared (file:///C:/Polarion/data/shared-maven-repo)
2016-02-28 22:38:04,341 [Thread-107] INFO  root  - Downloading: file:///C:/Polarion/maven/repository/commons-beanutils/commons-beanutils/1.6/commons-beanutils-1.6.jar
115K downloaded
2016-02-28 22:38:04,353 [Thread-107] INFO  root  - Downloading: file:///C:/Polarion/data/shared-maven-repo/commons-logging/commons-logging/1.0/commons-logging-1.0.jar
2016-02-28 22:38:04,364 [Thread-107] INFO  root  - Unable to find resource 'commons-logging:commons-logging:jar:1.0' in repository polarion-shared (file:///C:/Polarion/data/shared-maven-repo)
2016-02-28 22:38:04,371 [Thread-107] INFO  root  - Downloading: file:///C:/Polarion/maven/repository/commons-logging/commons-logging/1.0/commons-logging-1.0.jar
21K downloaded
2016-02-28 22:38:04,371 [Thread-107] INFO  root  - Downloading: file:///C:/Polarion/data/shared-maven-repo/commons-beanutils/commons-beanutils-core/1.7.0/commons-beanutils-core-1.7.0.jar
2016-02-28 22:38:04,406 [Thread-107] INFO  root  - Unable to find resource 'commons-beanutils:commons-beanutils-core:jar:1.7.0' in repository polarion-shared (file:///C:/Polarion/data/shared-maven-repo)
2016-02-28 22:38:04,417 [Thread-107] INFO  root  - Downloading: file:///C:/Polarion/maven/repository/commons-beanutils/commons-beanutils-core/1.7.0/commons-beanutils-core-1.7.0.jar
164K downloaded
2016-02-28 22:38:04,421 [Thread-107] INFO  root  - Downloading: file:///C:/Polarion/data/shared-maven-repo/commons-codec/commons-codec/1.3/commons-codec-1.3.jar
2016-02-28 22:38:04,441 [Thread-107] INFO  root  - Unable to find resource 'commons-codec:commons-codec:jar:1.3' in repository polarion-shared (file:///C:/Polarion/data/shared-maven-repo)
2016-02-28 22:38:04,459 [Thread-107] INFO  root  - Downloading: file:///C:/Polarion/maven/repository/commons-codec/commons-codec/1.3/commons-codec-1.3.jar
45K downloaded
2016-02-28 22:38:04,470 [Thread-107] INFO  root  - Downloading: file:///C:/Polarion/data/shared-maven-repo/xerces/xercesImpl/2.2.1/xercesImpl-2.2.1.jar
2016-02-28 22:38:04,471 [Thread-107] INFO  root  - Unable to find resource 'xerces:xercesImpl:jar:2.2.1' in repository polarion-shared (file:///C:/Polarion/data/shared-maven-repo)
2016-02-28 22:38:04,492 [Thread-107] INFO  root  - Downloading: file:///C:/Polarion/maven/repository/xerces/xercesImpl/2.2.1/xercesImpl-2.2.1.jar
815K downloaded
2016-02-28 22:38:04,506 [Thread-107] INFO  root  - Downloading: file:///C:/Polarion/data/shared-maven-repo/xalan/xalan/2.7.0/xalan-2.7.0.jar
2016-02-28 22:38:04,515 [Thread-107] INFO  root  - Unable to find resource 'xalan:xalan:jar:2.7.0' in repository polarion-shared (file:///C:/Polarion/data/shared-maven-repo)
2016-02-28 22:38:04,521 [Thread-107] INFO  root  - Downloading: file:///C:/Polarion/maven/repository/xalan/xalan/2.7.0/xalan-2.7.0.jar
2666K downloaded
2016-02-28 22:38:04,521 [Thread-107] INFO  root  - Downloading: file:///C:/Polarion/data/shared-maven-repo/javax/servlet/servlet-api/2.3/servlet-api-2.3.jar
2016-02-28 22:38:04,545 [Thread-107] INFO  root  - Unable to find resource 'javax.servlet:servlet-api:jar:2.3' in repository polarion-shared (file:///C:/Polarion/data/shared-maven-repo)
2016-02-28 22:38:04,570 [Thread-107] INFO  root  - Downloading: file:///C:/Polarion/maven/repository/javax/servlet/servlet-api/2.3/servlet-api-2.3.jar
76K downloaded
2016-02-28 22:38:04,587 [Thread-107] INFO  root  - Downloading: file:///C:/Polarion/data/shared-maven-repo/commons-primitives/commons-primitives/1.0/commons-primitives-1.0.jar
2016-02-28 22:38:04,599 [Thread-107] INFO  root  - Unable to find resource 'commons-primitives:commons-primitives:jar:1.0' in repository polarion-shared (file:///C:/Polarion/data/shared-maven-repo)
2016-02-28 22:38:04,608 [Thread-107] INFO  root  - Downloading: file:///C:/Polarion/maven/repository/commons-primitives/commons-primitives/1.0/commons-primitives-1.0.jar
254K downloaded
2016-02-28 22:38:04,617 [Thread-107] INFO  root  - Downloading: file:///C:/Polarion/data/shared-maven-repo/org/apache/maven/maven-plugin-api/2.0/maven-plugin-api-2.0.pom
2016-02-28 22:38:04,620 [Thread-107] INFO  root  - Unable to find resource 'org.apache.maven:maven-plugin-api:pom:2.0' in repository polarion-shared (file:///C:/Polarion/data/shared-maven-repo)
2016-02-28 22:38:04,620 [Thread-107] INFO  root  - Downloading: file:///C:/Polarion/maven/repository/org/apache/maven/maven-plugin-api/2.0/maven-plugin-api-2.0.pom
601b downloaded
2016-02-28 22:38:04,645 [Thread-107] INFO  root  - Downloading: file:///C:/Polarion/data/shared-maven-repo/org/apache/maven/maven/2.0/maven-2.0.pom
2016-02-28 22:38:04,655 [Thread-107] INFO  root  - Unable to find resource 'org.apache.maven:maven:pom:2.0' in repository polarion-shared (file:///C:/Polarion/data/shared-maven-repo)
2016-02-28 22:38:04,664 [Thread-107] INFO  root  - Downloading: file:///C:/Polarion/maven/repository/org/apache/maven/maven/2.0/maven-2.0.pom
8K downloaded
2016-02-28 22:38:04,674 [Thread-107] INFO  root  - Downloading: file:///C:/Polarion/data/shared-maven-repo/org/codehaus/plexus/plexus-compiler-api/1.5.3/plexus-compiler-api-1.5.3.pom
2016-02-28 22:38:04,686 [Thread-107] INFO  root  - Unable to find resource 'org.codehaus.plexus:plexus-compiler-api:pom:1.5.3' in repository polarion-shared (file:///C:/Polarion/data/shared-maven-repo)
2016-02-28 22:38:04,696 [Thread-107] INFO  root  - Downloading: file:///C:/Polarion/maven/repository/org/codehaus/plexus/plexus-compiler-api/1.5.3/plexus-compiler-api-1.5.3.pom
624b downloaded
2016-02-28 22:38:04,707 [Thread-107] INFO  root  - Downloading: file:///C:/Polarion/data/shared-maven-repo/org/codehaus/plexus/plexus-compiler/1.5.3/plexus-compiler-1.5.3.pom
2016-02-28 22:38:04,721 [Thread-107] INFO  root  - Unable to find resource 'org.codehaus.plexus:plexus-compiler:pom:1.5.3' in repository polarion-shared (file:///C:/Polarion/data/shared-maven-repo)
2016-02-28 22:38:04,730 [Thread-107] INFO  root  - Downloading: file:///C:/Polarion/maven/repository/org/codehaus/plexus/plexus-compiler/1.5.3/plexus-compiler-1.5.3.pom
1K downloaded
2016-02-28 22:38:04,740 [Thread-107] INFO  root  - Downloading: file:///C:/Polarion/data/shared-maven-repo/org/codehaus/plexus/plexus-components/1.1.6/plexus-components-1.1.6.pom
2016-02-28 22:38:04,747 [Thread-107] INFO  root  - Unable to find resource 'org.codehaus.plexus:plexus-components:pom:1.1.6' in repository polarion-shared (file:///C:/Polarion/data/shared-maven-repo)
2016-02-28 22:38:04,747 [Thread-107] INFO  root  - Downloading: file:///C:/Polarion/maven/repository/org/codehaus/plexus/plexus-components/1.1.6/plexus-components-1.1.6.pom
1K downloaded
2016-02-28 22:38:04,771 [Thread-107] INFO  root  - Downloading: file:///C:/Polarion/data/shared-maven-repo/org/codehaus/plexus/plexus/1.0.8/plexus-1.0.8.pom
2016-02-28 22:38:04,782 [Thread-107] INFO  root  - Unable to find resource 'org.codehaus.plexus:plexus:pom:1.0.8' in repository polarion-shared (file:///C:/Polarion/data/shared-maven-repo)
2016-02-28 22:38:04,809 [Thread-107] INFO  root  - Downloading: file:///C:/Polarion/maven/repository/org/codehaus/plexus/plexus/1.0.8/plexus-1.0.8.pom
7K downloaded
2016-02-28 22:38:04,882 [Thread-107] INFO  root  - Downloading: file:///C:/Polarion/data/shared-maven-repo/org/codehaus/plexus/plexus-container-default/1.0-alpha-8/plexus-container-default-1.0-alpha-8.pom
2016-02-28 22:38:04,916 [Thread-107] INFO  root  - Unable to find resource 'org.codehaus.plexus:plexus-container-default:pom:1.0-alpha-8' in repository polarion-shared (file:///C:/Polarion/data/shared-maven-repo)
2016-02-28 22:38:04,929 [Thread-107] INFO  root  - Downloading: file:///C:/Polarion/maven/repository/org/codehaus/plexus/plexus-container-default/1.0-alpha-8/plexus-container-default-1.0-alpha-8.pom
7K downloaded
2016-02-28 22:38:04,942 [Thread-107] INFO  root  - Downloading: file:///C:/Polarion/data/shared-maven-repo/org/codehaus/plexus/plexus-compiler-manager/1.5.3/plexus-compiler-manager-1.5.3.pom
2016-02-28 22:38:04,957 [Thread-107] INFO  root  - Unable to find resource 'org.codehaus.plexus:plexus-compiler-manager:pom:1.5.3' in repository polarion-shared (file:///C:/Polarion/data/shared-maven-repo)
2016-02-28 22:38:04,981 [Thread-107] INFO  root  - Downloading: file:///C:/Polarion/maven/repository/org/codehaus/plexus/plexus-compiler-manager/1.5.3/plexus-compiler-manager-1.5.3.pom
634b downloaded
2016-02-28 22:38:04,991 [Thread-107] INFO  root  - Downloading: file:///C:/Polarion/data/shared-maven-repo/org/codehaus/plexus/plexus-compiler-javac/1.5.3/plexus-compiler-javac-1.5.3.pom
2016-02-28 22:38:05,003 [Thread-107] INFO  root  - Unable to find resource 'org.codehaus.plexus:plexus-compiler-javac:pom:1.5.3' in repository polarion-shared (file:///C:/Polarion/data/shared-maven-repo)
2016-02-28 22:38:05,020 [Thread-107] INFO  root  - Downloading: file:///C:/Polarion/maven/repository/org/codehaus/plexus/plexus-compiler-javac/1.5.3/plexus-compiler-javac-1.5.3.pom
797b downloaded
2016-02-28 22:38:05,031 [Thread-107] INFO  root  - Downloading: file:///C:/Polarion/data/shared-maven-repo/org/codehaus/plexus/plexus-compilers/1.5.3/plexus-compilers-1.5.3.pom
2016-02-28 22:38:05,042 [Thread-107] INFO  root  - Unable to find resource 'org.codehaus.plexus:plexus-compilers:pom:1.5.3' in repository polarion-shared (file:///C:/Polarion/data/shared-maven-repo)
2016-02-28 22:38:05,046 [Thread-107] INFO  root  - Downloading: file:///C:/Polarion/maven/repository/org/codehaus/plexus/plexus-compilers/1.5.3/plexus-compilers-1.5.3.pom
7K downloaded
2016-02-28 22:38:05,065 [Thread-107] INFO  root  - Downloading: file:///C:/Polarion/data/shared-maven-repo/org/codehaus/plexus/plexus-utils/1.0.5/plexus-utils-1.0.5.pom
2016-02-28 22:38:05,078 [Thread-107] INFO  root  - Unable to find resource 'org.codehaus.plexus:plexus-utils:pom:1.0.5' in repository polarion-shared (file:///C:/Polarion/data/shared-maven-repo)
2016-02-28 22:38:05,090 [Thread-107] INFO  root  - Downloading: file:///C:/Polarion/maven/repository/org/codehaus/plexus/plexus-utils/1.0.5/plexus-utils-1.0.5.pom
918b downloaded
2016-02-28 22:38:05,096 [Thread-107] INFO  root  - Downloading: file:///C:/Polarion/data/shared-maven-repo/org/apache/maven/maven-artifact/2.0/maven-artifact-2.0.pom
2016-02-28 22:38:05,117 [Thread-107] INFO  root  - Unable to find resource 'org.apache.maven:maven-artifact:pom:2.0' in repository polarion-shared (file:///C:/Polarion/data/shared-maven-repo)
2016-02-28 22:38:05,130 [Thread-107] INFO  root  - Downloading: file:///C:/Polarion/maven/repository/org/apache/maven/maven-artifact/2.0/maven-artifact-2.0.pom
723b downloaded
2016-02-28 22:38:05,141 [Thread-107] INFO  root  - Downloading: file:///C:/Polarion/data/shared-maven-repo/org/codehaus/plexus/plexus-utils/1.0.4/plexus-utils-1.0.4.jar
2016-02-28 22:38:05,146 [Thread-107] INFO  root  - Unable to find resource 'org.codehaus.plexus:plexus-utils:jar:1.0.4' in repository polarion-shared (file:///C:/Polarion/data/shared-maven-repo)
2016-02-28 22:38:05,164 [Thread-107] INFO  root  - Downloading: file:///C:/Polarion/maven/repository/org/codehaus/plexus/plexus-utils/1.0.4/plexus-utils-1.0.4.jar
159K downloaded
2016-02-28 22:38:05,185 [Thread-107] INFO  root  - Downloading: file:///C:/Polarion/data/shared-maven-repo/org/codehaus/plexus/plexus-compiler-api/1.5.3/plexus-compiler-api-1.5.3.jar
2016-02-28 22:38:05,198 [Thread-107] INFO  root  - Unable to find resource 'org.codehaus.plexus:plexus-compiler-api:jar:1.5.3' in repository polarion-shared (file:///C:/Polarion/data/shared-maven-repo)
2016-02-28 22:38:05,224 [Thread-107] INFO  root  - Downloading: file:///C:/Polarion/maven/repository/org/codehaus/plexus/plexus-compiler-api/1.5.3/plexus-compiler-api-1.5.3.jar
19K downloaded
2016-02-28 22:38:05,239 [Thread-107] INFO  root  - Downloading: file:///C:/Polarion/data/shared-maven-repo/org/codehaus/plexus/plexus-compiler-manager/1.5.3/plexus-compiler-manager-1.5.3.jar
2016-02-28 22:38:05,246 [Thread-107] INFO  root  - Unable to find resource 'org.codehaus.plexus:plexus-compiler-manager:jar:1.5.3' in repository polarion-shared (file:///C:/Polarion/data/shared-maven-repo)
2016-02-28 22:38:05,277 [Thread-107] INFO  root  - Downloading: file:///C:/Polarion/maven/repository/org/codehaus/plexus/plexus-compiler-manager/1.5.3/plexus-compiler-manager-1.5.3.jar
5K downloaded
2016-02-28 22:38:05,296 [Thread-107] INFO  root  - Downloading: file:///C:/Polarion/data/shared-maven-repo/org/codehaus/plexus/plexus-compiler-javac/1.5.3/plexus-compiler-javac-1.5.3.jar
2016-02-28 22:38:05,314 [Thread-107] INFO  root  - Unable to find resource 'org.codehaus.plexus:plexus-compiler-javac:jar:1.5.3' in repository polarion-shared (file:///C:/Polarion/data/shared-maven-repo)
2016-02-28 22:38:05,335 [Thread-107] INFO  root  - Downloading: file:///C:/Polarion/maven/repository/org/codehaus/plexus/plexus-compiler-javac/1.5.3/plexus-compiler-javac-1.5.3.jar
13K downloaded
2016-02-28 22:38:05,346 [Thread-107] INFO  root  - [compiler:compile]
2016-02-28 22:38:05,428 [Thread-107] INFO  root  - Compiling 5 source files to C:\Polarion\data\workspace\polarion-data\jobs\20160228-2237\sources\drivepilot\drivepilot\drivepilot\null\target\classes
2016-02-28 22:38:05,441 [Thread-107] INFO  root  - [resources:testResources]
[WARNING] Using platform encoding (Cp1250 actually) to copy filtered resources, i.e. build is platform dependent!
2016-02-28 22:38:05,447 [Thread-107] INFO  root  - skip non existing resourceDirectory C:\Polarion\data\workspace\polarion-data\jobs\20160228-2237\sources\drivepilot\drivepilot\drivepilot\null\src\test\resources
2016-02-28 22:38:05,462 [Thread-107] INFO  root  - Downloading: file:///C:/Polarion/data/shared-maven-repo/junit/junit/3.8.1/junit-3.8.1.jar
2016-02-28 22:38:05,476 [Thread-107] INFO  root  - Unable to find resource 'junit:junit:jar:3.8.1' in repository polarion-shared (file:///C:/Polarion/data/shared-maven-repo)
2016-02-28 22:38:05,487 [Thread-107] INFO  root  - Downloading: file:///C:/Polarion/maven/repository/junit/junit/3.8.1/junit-3.8.1.jar
118K downloaded
2016-02-28 22:38:05,496 [Thread-107] INFO  root  - [compiler:testCompile]
2016-02-28 22:38:05,831 [Thread-107] INFO  root  - Compiling 3 source files to C:\Polarion\data\workspace\polarion-data\jobs\20160228-2237\sources\drivepilot\drivepilot\drivepilot\null\target\test-classes
2016-02-28 22:38:05,843 [Thread-107] INFO  root  - Downloading: file:///C:/Polarion/data/shared-maven-repo/org/apache/maven/surefire/surefire-booter/2.4.3/surefire-booter-2.4.3.pom
2016-02-28 22:38:05,848 [Thread-107] INFO  root  - Unable to find resource 'org.apache.maven.surefire:surefire-booter:pom:2.4.3' in repository polarion-shared (file:///C:/Polarion/data/shared-maven-repo)
2016-02-28 22:38:05,869 [Thread-107] INFO  root  - Downloading: file:///C:/Polarion/maven/repository/org/apache/maven/surefire/surefire-booter/2.4.3/surefire-booter-2.4.3.pom
1K downloaded
2016-02-28 22:38:05,891 [Thread-107] INFO  root  - Downloading: file:///C:/Polarion/data/shared-maven-repo/org/apache/maven/surefire/surefire-api/2.4.3/surefire-api-2.4.3.pom
2016-02-28 22:38:05,896 [Thread-107] INFO  root  - Unable to find resource 'org.apache.maven.surefire:surefire-api:pom:2.4.3' in repository polarion-shared (file:///C:/Polarion/data/shared-maven-repo)
2016-02-28 22:38:05,930 [Thread-107] INFO  root  - Downloading: file:///C:/Polarion/maven/repository/org/apache/maven/surefire/surefire-api/2.4.3/surefire-api-2.4.3.pom
2K downloaded
2016-02-28 22:38:05,947 [Thread-107] INFO  root  - Downloading: file:///C:/Polarion/data/shared-maven-repo/org/codehaus/plexus/plexus-utils/1.5.1/plexus-utils-1.5.1.pom
2016-02-28 22:38:05,948 [Thread-107] INFO  root  - Unable to find resource 'org.codehaus.plexus:plexus-utils:pom:1.5.1' in repository polarion-shared (file:///C:/Polarion/data/shared-maven-repo)
2016-02-28 22:38:05,982 [Thread-107] INFO  root  - Downloading: file:///C:/Polarion/maven/repository/org/codehaus/plexus/plexus-utils/1.5.1/plexus-utils-1.5.1.pom
2K downloaded
2016-02-28 22:38:05,996 [Thread-107] INFO  root  - Downloading: file:///C:/Polarion/data/shared-maven-repo/org/apache/maven/maven-toolchain/1.0/maven-toolchain-1.0.pom
2016-02-28 22:38:06,017 [Thread-107] INFO  root  - Unable to find resource 'org.apache.maven:maven-toolchain:pom:1.0' in repository polarion-shared (file:///C:/Polarion/data/shared-maven-repo)
2016-02-28 22:38:06,033 [Thread-107] INFO  root  - Downloading: file:///C:/Polarion/maven/repository/org/apache/maven/maven-toolchain/1.0/maven-toolchain-1.0.pom
3K downloaded
2016-02-28 22:38:06,054 [Thread-107] INFO  root  - Downloading: file:///C:/Polarion/data/shared-maven-repo/org/apache/maven/surefire/surefire-booter/2.4.3/surefire-booter-2.4.3.jar
2016-02-28 22:38:06,073 [Thread-107] INFO  root  - Unable to find resource 'org.apache.maven.surefire:surefire-booter:jar:2.4.3' in repository polarion-shared (file:///C:/Polarion/data/shared-maven-repo)
2016-02-28 22:38:06,087 [Thread-107] INFO  root  - Downloading: file:///C:/Polarion/maven/repository/org/apache/maven/surefire/surefire-booter/2.4.3/surefire-booter-2.4.3.jar
261K downloaded
2016-02-28 22:38:06,104 [Thread-107] INFO  root  - Downloading: file:///C:/Polarion/data/shared-maven-repo/org/apache/maven/surefire/surefire-api/2.4.3/surefire-api-2.4.3.jar
2016-02-28 22:38:06,120 [Thread-107] INFO  root  - Unable to find resource 'org.apache.maven.surefire:surefire-api:jar:2.4.3' in repository polarion-shared (file:///C:/Polarion/data/shared-maven-repo)
2016-02-28 22:38:06,155 [Thread-107] INFO  root  - Downloading: file:///C:/Polarion/maven/repository/org/apache/maven/surefire/surefire-api/2.4.3/surefire-api-2.4.3.jar
503K downloaded
2016-02-28 22:38:06,176 [Thread-107] INFO  root  - Downloading: file:///C:/Polarion/data/shared-maven-repo/org/codehaus/plexus/plexus-utils/1.5.1/plexus-utils-1.5.1.jar
2016-02-28 22:38:06,191 [Thread-107] INFO  root  - Unable to find resource 'org.codehaus.plexus:plexus-utils:jar:1.5.1' in repository polarion-shared (file:///C:/Polarion/data/shared-maven-repo)
2016-02-28 22:38:06,207 [Thread-107] INFO  root  - Downloading: file:///C:/Polarion/maven/repository/org/codehaus/plexus/plexus-utils/1.5.1/plexus-utils-1.5.1.jar
205K downloaded
2016-02-28 22:38:06,233 [Thread-107] INFO  root  - [surefire:test]
2016-02-28 22:38:06,247 [Thread-107] INFO  root  - Downloading: file:///C:/Polarion/data/shared-maven-repo/org/apache/maven/surefire/surefire-junit/2.4.3/surefire-junit-2.4.3.pom
2016-02-28 22:38:06,263 [Thread-107] INFO  root  - Unable to find resource 'org.apache.maven.surefire:surefire-junit:pom:2.4.3' in repository polarion-shared (file:///C:/Polarion/data/shared-maven-repo)
2016-02-28 22:38:06,275 [Thread-107] INFO  root  - Downloading: file:///C:/Polarion/maven/repository/org/apache/maven/surefire/surefire-junit/2.4.3/surefire-junit-2.4.3.pom
1K downloaded
2016-02-28 22:38:06,284 [Thread-107] INFO  root  - Downloading: file:///C:/Polarion/data/shared-maven-repo/org/apache/maven/surefire/surefire-providers/2.4.3/surefire-providers-2.4.3.pom
2016-02-28 22:38:06,293 [Thread-107] INFO  root  - Unable to find resource 'org.apache.maven.surefire:surefire-providers:pom:2.4.3' in repository polarion-shared (file:///C:/Polarion/data/shared-maven-repo)
2016-02-28 22:38:06,304 [Thread-107] INFO  root  - Downloading: file:///C:/Polarion/maven/repository/org/apache/maven/surefire/surefire-providers/2.4.3/surefire-providers-2.4.3.pom
1K downloaded
2016-02-28 22:38:06,316 [Thread-107] INFO  root  - Downloading: file:///C:/Polarion/data/shared-maven-repo/org/apache/maven/surefire/surefire-junit/2.4.3/surefire-junit-2.4.3.jar
2016-02-28 22:38:06,328 [Thread-107] INFO  root  - Unable to find resource 'org.apache.maven.surefire:surefire-junit:jar:2.4.3' in repository polarion-shared (file:///C:/Polarion/data/shared-maven-repo)
2016-02-28 22:38:06,338 [Thread-107] INFO  root  - Downloading: file:///C:/Polarion/maven/repository/org/apache/maven/surefire/surefire-junit/2.4.3/surefire-junit-2.4.3.jar
14K downloaded
2016-02-28 22:38:06,794 [Thread-107] INFO  root  - Surefire report directory: C:\Polarion\data\workspace\polarion-data\jobs\20160228-2237\sources\drivepilot\drivepilot\drivepilot\null\target\surefire-reports

-------------------------------------------------------
 T E S T S
-------------------------------------------------------
Running com.polarion.demo.LibraryTest
Tests run: 2, Failures: 0, Errors: 0, Skipped: 0, Time elapsed: 0.034 sec
Running com.polarion.demo.BookTest
Tests run: 1, Failures: 0, Errors: 0, Skipped: 0, Time elapsed: 0.009 sec
Running com.polarion.demo.LoginTest
Tests run: 2, Failures: 1, Errors: 1, Skipped: 0, Time elapsed: 0.016 sec <<< FAILURE!

Results :

Failed tests: 
  testLogin(com.polarion.demo.LoginTest)

Tests in error: 
  testLogout(com.polarion.demo.LoginTest)

Tests run: 5, Failures: 1, Errors: 1, Skipped: 0

2016-02-28 22:38:06,828 [Thread-107] INFO  root  - ------------------------------------------------------------------------
2016-02-28 22:38:06,842 [Thread-107] ERROR root  - BUILD FAILURE

There are test failures.

Please refer to C:\Polarion\data\workspace\polarion-data\jobs\20160228-2237\sources\drivepilot\drivepilot\drivepilot\null\target\surefire-reports for the individual test results.
2016-02-28 22:38:06,909 [Thread-107] INFO  root  - ------------------------------------------------------------------------
2016-02-28 22:38:06,927 [Thread-107] INFO  root  - Trace
org.apache.maven.BuildFailureException: There are test failures.

Please refer to C:\Polarion\data\workspace\polarion-data\jobs\20160228-2237\sources\drivepilot\drivepilot\drivepilot\null\target\surefire-reports for the individual test results.
	at org.apache.maven.lifecycle.DefaultLifecycleExecutor.executeGoals(DefaultLifecycleExecutor.java:580)
	at org.apache.maven.lifecycle.DefaultLifecycleExecutor.executeGoalWithLifecycle(DefaultLifecycleExecutor.java:500)
	at org.apache.maven.lifecycle.DefaultLifecycleExecutor.executeGoal(DefaultLifecycleExecutor.java:479)
	at org.apache.maven.lifecycle.DefaultLifecycleExecutor.executeGoalAndHandleFailures(DefaultLifecycleExecutor.java:331)
	at org.apache.maven.lifecycle.DefaultLifecycleExecutor.executeTaskSegments(DefaultLifecycleExecutor.java:292)
	at org.apache.maven.lifecycle.DefaultLifecycleExecutor.execute(DefaultLifecycleExecutor.java:142)
	at org.apache.maven.DefaultMaven.doExecute(DefaultMaven.java:345)
	at org.apache.maven.DefaultMaven.execute(DefaultMaven.java:132)
	at org.apache.maven.cli.MavenCli.main(MavenCli.java:290)
	at sun.reflect.NativeMethodAccessorImpl.invoke0(Native Method)
	at sun.reflect.NativeMethodAccessorImpl.invoke(NativeMethodAccessorImpl.java:62)
	at sun.reflect.DelegatingMethodAccessorImpl.invoke(DelegatingMethodAccessorImpl.java:43)
	at java.lang.reflect.Method.invoke(Method.java:497)
	at org.codehaus.classworlds.Launcher.launchEnhanced(Launcher.java:315)
	at org.codehaus.classworlds.Launcher.launch(Launcher.java:255)
	at org.codehaus.classworlds.Launcher.mainWithExitCode(Launcher.java:430)
	at org.codehaus.classworlds.Launcher.main(Launcher.java:375)
Caused by: org.apache.maven.plugin.MojoFailureException: There are test failures.

Please refer to C:\Polarion\data\workspace\polarion-data\jobs\20160228-2237\sources\drivepilot\drivepilot\drivepilot\null\target\surefire-reports for the individual test results.
	at org.apache.maven.plugin.surefire.SurefirePlugin.execute(SurefirePlugin.java:575)
	at org.apache.maven.plugin.DefaultPluginManager.executeMojo(DefaultPluginManager.java:454)
	at org.apache.maven.lifecycle.DefaultLifecycleExecutor.executeGoals(DefaultLifecycleExecutor.java:559)
	... 16 more
2016-02-28 22:38:06,942 [Thread-107] INFO  root  - ------------------------------------------------------------------------
2016-02-28 22:38:06,961 [Thread-107] INFO  root  - Total time: 6 seconds
2016-02-28 22:38:06,978 [Thread-107] INFO  root  - Finished at: Sun Feb 28 22:38:06 CET 2016
2016-02-28 22:38:06,991 [Thread-107] INFO  root  - Final Memory: 25M/222M
2016-02-28 22:38:07,053 [Worker-2 | u:admin | job: build.build] INFO  root  - ------------------------------------------------------------------------
2016-02-28 22:38:07,063 [Worker-2 | u:admin | job: build.build] INFO  root  - Maven returned exit code 1
2016-02-28 22:38:07,073 [Worker-2 | u:admin | job: build.build] INFO  root  - Deploying C:\Polarion\polarion\..\data\workspace\polarion-data\jobs\20160228-2237\sources\drivepilot\drivepilot\drivepilot\null\target\surefire-reports to BIR location /projects/drivepilot/drivepilot/drivepilot/20160228-2237/results/drivepilot/drivepilot/surefire-reports
2016-02-28 22:38:07,104 [Worker-2 | u:admin | job: build.build] INFO  root  - Build deployment artifact "Default Maven 2 build results for DrivePilot - App" was deployed to BIR location /projects/drivepilot/drivepilot/drivepilot/20160228-2237/results/drivepilot/drivepilot
2016-02-28 22:38:07,114 [Worker-2 | u:admin] INFO  root  - State of job "(INTERNAL) All Tests build of drivepilot:drivepilot" changed to FINISHED
2016-02-28 22:38:07,122 [Worker-2 | u:admin] INFO  root  - Status of job "(INTERNAL) All Tests build of drivepilot:drivepilot" is FAILED:
BUILD FAILURE

There are test failures.

Please refer to C:\Polarion\data\workspace\polarion-data\jobs\20160228-2237\sources\drivepilot\drivepilot\drivepilot\null\target\surefire-reports for the individual test results.
com.polarion.alm.builder.GenericBuilderException: BUILD FAILURE

There are test failures.

Please refer to C:\Polarion\data\workspace\polarion-data\jobs\20160228-2237\sources\drivepilot\drivepilot\drivepilot\null\target\surefire-reports for the individual test results.
	at com.polarion.alm.builder.internal.ExternalMavenExecutor.execute(ExternalMavenExecutor.java:279)
	at com.polarion.alm.builder.internal.MavenRunner.runMaven(MavenRunner.java:233)
	at $IMavenRunner_15329ada205.runMaven($IMavenRunner_15329ada205.java)
	at com.polarion.alm.builder.internal.BuildJobUnitFactory$BuildJobUnit.runInternal(BuildJobUnitFactory.java:743)
	at com.polarion.platform.jobs.spi.AbstractJobUnit.run(AbstractJobUnit.java:194)
	at com.polarion.platform.jobs.internal.eclipse.WrappedEclipseRootJob$2$1.runWEx(WrappedEclipseRootJob.java:208)
	at com.polarion.platform.jobs.internal.eclipse.WrappedEclipseRootJob$2$1.runWEx(WrappedEclipseRootJob.java:1)
	at com.polarion.core.util.RunnableWEx.runWRet(RunnableWEx.java:56)
	at com.polarion.platform.persistence.internal.JobContextService.doInContext(JobContextService.java:24)
	at com.polarion.platform.persistence.internal.JobContextService.doInContext(JobContextService.java:1)
	at com.polarion.platform.jobs.internal.eclipse.WrappedEclipseRootJob$2.run(WrappedEclipseRootJob.java:201)
	at java.security.AccessController.doPrivileged(Native Method)
	at javax.security.auth.Subject.doAsPrivileged(Subject.java:483)
	at com.polarion.platform.internal.security.SubjectNDC.doAsPrivileged(SubjectNDC.java:80)
	at com.polarion.platform.jobs.internal.eclipse.WrappedEclipseRootJob.runJob(WrappedEclipseRootJob.java:191)
	at com.polarion.platform.jobs.internal.eclipse.WrappedEclipseRootJob.runJobs(WrappedEclipseRootJob.java:167)
	at com.polarion.platform.jobs.internal.eclipse.WrappedEclipseRootJob.run(WrappedEclipseRootJob.java:100)
	at org.eclipse.core.internal.jobs.Worker.run(Worker.java:76)
2016-02-28 22:38:07,122 [Worker-2 | u:admin] INFO  root  - State of job "All Tests build of drivepilot:drivepilot" changed to FINISHED
2016-02-28 22:38:07,122 [Worker-2 | u:admin] INFO  root  - Status of job "All Tests build of drivepilot:drivepilot" is FAILED:
BUILD FAILURE

There are test failures.

Please refer to C:\Polarion\data\workspace\polarion-data\jobs\20160228-2237\sources\drivepilot\drivepilot\drivepilot\null\target\surefire-reports for the individual test results.
com.polarion.alm.builder.GenericBuilderException: BUILD FAILURE

There are test failures.

Please refer to C:\Polarion\data\workspace\polarion-data\jobs\20160228-2237\sources\drivepilot\drivepilot\drivepilot\null\target\surefire-reports for the individual test results.
	at com.polarion.alm.builder.internal.ExternalMavenExecutor.execute(ExternalMavenExecutor.java:279)
	at com.polarion.alm.builder.internal.MavenRunner.runMaven(MavenRunner.java:233)
	at $IMavenRunner_15329ada205.runMaven($IMavenRunner_15329ada205.java)
	at com.polarion.alm.builder.internal.BuildJobUnitFactory$BuildJobUnit.runInternal(BuildJobUnitFactory.java:743)
	at com.polarion.platform.jobs.spi.AbstractJobUnit.run(AbstractJobUnit.java:194)
	at com.polarion.platform.jobs.internal.eclipse.WrappedEclipseRootJob$2$1.runWEx(WrappedEclipseRootJob.java:208)
	at com.polarion.platform.jobs.internal.eclipse.WrappedEclipseRootJob$2$1.runWEx(WrappedEclipseRootJob.java:1)
	at com.polarion.core.util.RunnableWEx.runWRet(RunnableWEx.java:56)
	at com.polarion.platform.persistence.internal.JobContextService.doInContext(JobContextService.java:24)
	at com.polarion.platform.persistence.internal.JobContextService.doInContext(JobContextService.java:1)
	at com.polarion.platform.jobs.internal.eclipse.WrappedEclipseRootJob$2.run(WrappedEclipseRootJob.java:201)
	at java.security.AccessController.doPrivileged(Native Method)
	at javax.security.auth.Subject.doAsPrivileged(Subject.java:483)
	at com.polarion.platform.internal.security.SubjectNDC.doAsPrivileged(SubjectNDC.java:80)
	at com.polarion.platform.jobs.internal.eclipse.WrappedEclipseRootJob.runJob(WrappedEclipseRootJob.java:191)
	at com.polarion.platform.jobs.internal.eclipse.WrappedEclipseRootJob.runJobs(WrappedEclipseRootJob.java:167)
	at com.polarion.platform.jobs.internal.eclipse.WrappedEclipseRootJob.run(WrappedEclipseRootJob.java:100)
	at org.eclipse.core.internal.jobs.Worker.run(Worker.java:76)
2016-02-28 22:38:07,172 [Worker-2 | u:admin] INFO  root  - xUnit build extender is enabled
2016-02-28 22:38:07,172 [Worker-2 | u:admin] INFO  root  - Processor: xunit
2016-02-28 22:38:07,192 [Worker-2 | u:admin] INFO  root  - Paths: [C:\Polarion\polarion\..\data\workspace\polarion-data\jobs\20160228-2237\sources\drivepilot\drivepilot\drivepilot\null\target\surefire-reports]
2016-02-28 22:38:07,197 [Worker-2 | u:admin] INFO  root  - Project: drivepilot
2016-02-28 22:38:07,201 [Worker-2 | u:admin] INFO  root  - idPrefix: build_all
2016-02-28 22:38:07,207 [Worker-2 | u:admin] INFO  root  - maxCreatedDefects: null
2016-02-28 22:38:07,212 [Worker-2 | u:admin] INFO  root  - maxCreatedDefectsPercent: null
2016-02-28 22:38:07,217 [Worker-2 | u:admin] INFO  root  - userAccountVaultKey: null
2016-02-28 22:38:07,223 [Worker-2 | u:admin] INFO  root  - templateTestRunId: null
2016-02-28 22:38:07,228 [Worker-2 | u:admin] INFO  root  - templateTestCaseId: null
2016-02-28 22:38:07,234 [Worker-2 | u:admin] INFO  root  - templateDefectId: null
2016-02-28 22:38:07,238 [Worker-2 | u:admin] INFO  root  - idRegex: null
2016-02-28 22:38:07,243 [Worker-2 | u:admin] INFO  root  - groupIdRegex: null
2016-02-28 22:38:07,249 [Worker-2 | u:admin] INFO  root  - typeRegex: null
2016-02-28 22:38:07,253 [Worker-2 | u:admin] INFO  root  - field1: null
2016-02-28 22:38:07,258 [Worker-2 | u:admin] INFO  root  - field1Regex: null
2016-02-28 22:38:07,263 [Worker-2 | u:admin] INFO  root  - field2: null
2016-02-28 22:38:07,267 [Worker-2 | u:admin] INFO  root  - field2Regex: null
2016-02-28 22:38:07,273 [Worker-2 | u:admin] INFO  root  - field3: null
2016-02-28 22:38:07,278 [Worker-2 | u:admin] INFO  root  - field3Regex: null
2016-02-28 22:38:07,284 [Worker-2 | u:admin] INFO  root  - properties: null
2016-02-28 22:38:07,289 [Worker-2 | u:admin] INFO  root  - 3 file(s) found.
2016-02-28 22:38:07,295 [Worker-2 | u:admin] INFO  root  - Processing xUnit files: C:\Polarion\polarion\..\data\workspace\polarion-data\jobs\20160228-2237\sources\drivepilot\drivepilot\drivepilot\null\target\surefire-reports\TEST-com.polarion.demo.BookTest.xml, C:\Polarion\polarion\..\data\workspace\polarion-data\jobs\20160228-2237\sources\drivepilot\drivepilot\drivepilot\null\target\surefire-reports\TEST-com.polarion.demo.LibraryTest.xml, C:\Polarion\polarion\..\data\workspace\polarion-data\jobs\20160228-2237\sources\drivepilot\drivepilot\drivepilot\null\target\surefire-reports\TEST-com.polarion.demo.LoginTest.xml
2016-02-28 22:38:07,382 [Worker-2 | u:admin] INFO  root  - Target test run status: failed
2016-02-28 22:38:07,387 [Worker-2 | u:admin] INFO  root  - Invoking workflow action: markFailed
2016-02-28 22:38:07,999 [Worker-2 | u:admin] INFO  root  - File(s) C:\Polarion\polarion\..\data\workspace\polarion-data\jobs\20160228-2237\sources\drivepilot\drivepilot\drivepilot\null\target\surefire-reports\TEST-com.polarion.demo.BookTest.xml, C:\Polarion\polarion\..\data\workspace\polarion-data\jobs\20160228-2237\sources\drivepilot\drivepilot\drivepilot\null\target\surefire-reports\TEST-com.polarion.demo.LibraryTest.xml, C:\Polarion\polarion\..\data\workspace\polarion-data\jobs\20160228-2237\sources\drivepilot\drivepilot\drivepilot\null\target\surefire-reports\TEST-com.polarion.demo.LoginTest.xml were processed and imported to Test Run build_all-20160228-223807 containing 5 Test Cases.
2016-02-28 22:38:08,028 [Worker-2 | u:admin] INFO  root  - 
2016-02-28 22:38:08,282 [Worker-2 | u:admin] ERROR root  - Tester reports 1 failure(s) and 1 error(s) for 5 test(s) (0 test(s) skipped)
